INFO - 2024-05-12 06:37:00 --> Session: Class initialized using 'CodeIgniter\Session\Handlers\FileHandler' driver.
INFO - 2024-05-12 06:37:12 --> Session: Class initialized using 'CodeIgniter\Session\Handlers\FileHandler' driver.
INFO - 2024-05-12 06:37:17 --> Session: Class initialized using 'CodeIgniter\Session\Handlers\FileHandler' driver.
INFO - 2024-05-12 06:50:40 --> Session: Class initialized using 'CodeIgniter\Session\Handlers\FileHandler' driver.
INFO - 2024-05-12 06:51:47 --> Session: Class initialized using 'CodeIgniter\Session\Handlers\FileHandler' driver.
INFO - 2024-05-12 06:57:25 --> Session: Class initialized using 'CodeIgniter\Session\Handlers\FileHandler' driver.
INFO - 2024-05-12 06:57:41 --> Session: Class initialized using 'CodeIgniter\Session\Handlers\FileHandler' driver.
INFO - 2024-05-12 07:00:11 --> Session: Class initialized using 'CodeIgniter\Session\Handlers\FileHandler' driver.
INFO - 2024-05-12 07:00:50 --> Session: Class initialized using 'CodeIgniter\Session\Handlers\FileHandler' driver.
INFO - 2024-05-12 07:01:08 --> Session: Class initialized using 'CodeIgniter\Session\Handlers\FileHandler' driver.
INFO - 2024-05-12 07:01:31 --> Session: Class initialized using 'CodeIgniter\Session\Handlers\FileHandler' driver.
INFO - 2024-05-12 07:02:28 --> Session: Class initialized using 'CodeIgniter\Session\Handlers\FileHandler' driver.
INFO - 2024-05-12 07:04:34 --> Session: Class initialized using 'CodeIgniter\Session\Handlers\FileHandler' driver.
INFO - 2024-05-12 07:05:20 --> Session: Class initialized using 'CodeIgniter\Session\Handlers\FileHandler' driver.
INFO - 2024-05-12 07:06:07 --> Session: Class initialized using 'CodeIgniter\Session\Handlers\FileHandler' driver.
INFO - 2024-05-12 07:06:29 --> Session: Class initialized using 'CodeIgniter\Session\Handlers\FileHandler' driver.
INFO - 2024-05-12 07:06:37 --> Session: Class initialized using 'CodeIgniter\Session\Handlers\FileHandler' driver.
INFO - 2024-05-12 07:06:54 --> Session: Class initialized using 'CodeIgniter\Session\Handlers\FileHandler' driver.
INFO - 2024-05-12 07:07:10 --> Session: Class initialized using 'CodeIgniter\Session\Handlers\FileHandler' driver.
INFO - 2024-05-12 07:08:20 --> Session: Class initialized using 'CodeIgniter\Session\Handlers\FileHandler' driver.
INFO - 2024-05-12 07:08:32 --> Session: Class initialized using 'CodeIgniter\Session\Handlers\FileHandler' driver.
INFO - 2024-05-12 07:08:42 --> Session: Class initialized using 'CodeIgniter\Session\Handlers\FileHandler' driver.
INFO - 2024-05-12 07:09:21 --> Session: Class initialized using 'CodeIgniter\Session\Handlers\FileHandler' driver.
INFO - 2024-05-12 07:09:54 --> Session: Class initialized using 'CodeIgniter\Session\Handlers\FileHandler' driver.
INFO - 2024-05-12 07:10:19 --> Session: Class initialized using 'CodeIgniter\Session\Handlers\FileHandler' driver.
INFO - 2024-05-12 07:10:43 --> Session: Class initialized using 'CodeIgniter\Session\Handlers\FileHandler' driver.
INFO - 2024-05-12 07:11:40 --> Session: Class initialized using 'CodeIgniter\Session\Handlers\FileHandler' driver.
INFO - 2024-05-12 07:13:10 --> Session: Class initialized using 'CodeIgniter\Session\Handlers\FileHandler' driver.
INFO - 2024-05-12 07:14:06 --> Session: Class initialized using 'CodeIgniter\Session\Handlers\FileHandler' driver.
INFO - 2024-05-12 07:14:20 --> Session: Class initialized using 'CodeIgniter\Session\Handlers\FileHandler' driver.
INFO - 2024-05-12 07:14:27 --> Session: Class initialized using 'CodeIgniter\Session\Handlers\FileHandler' driver.
INFO - 2024-05-12 07:14:37 --> Session: Class initialized using 'CodeIgniter\Session\Handlers\FileHandler' driver.
INFO - 2024-05-12 07:14:56 --> Session: Class initialized using 'CodeIgniter\Session\Handlers\FileHandler' driver.
INFO - 2024-05-12 07:15:10 --> Session: Class initialized using 'CodeIgniter\Session\Handlers\FileHandler' driver.
INFO - 2024-05-12 07:15:22 --> Session: Class initialized using 'CodeIgniter\Session\Handlers\FileHandler' driver.
INFO - 2024-05-12 07:16:06 --> Session: Class initialized using 'CodeIgniter\Session\Handlers\FileHandler' driver.
INFO - 2024-05-12 07:16:23 --> Session: Class initialized using 'CodeIgniter\Session\Handlers\FileHandler' driver.
INFO - 2024-05-12 07:16:42 --> Session: Class initialized using 'CodeIgniter\Session\Handlers\FileHandler' driver.
INFO - 2024-05-12 07:16:59 --> Session: Class initialized using 'CodeIgniter\Session\Handlers\FileHandler' driver.
INFO - 2024-05-12 07:17:08 --> Session: Class initialized using 'CodeIgniter\Session\Handlers\FileHandler' driver.
INFO - 2024-05-12 07:17:15 --> Session: Class initialized using 'CodeIgniter\Session\Handlers\FileHandler' driver.
INFO - 2024-05-12 07:17:41 --> Session: Class initialized using 'CodeIgniter\Session\Handlers\FileHandler' driver.
INFO - 2024-05-12 07:18:07 --> Session: Class initialized using 'CodeIgniter\Session\Handlers\FileHandler' driver.
INFO - 2024-05-12 07:19:41 --> Session: Class initialized using 'CodeIgniter\Session\Handlers\FileHandler' driver.
INFO - 2024-05-12 07:19:50 --> Session: Class initialized using 'CodeIgniter\Session\Handlers\FileHandler' driver.
INFO - 2024-05-12 07:20:24 --> Session: Class initialized using 'CodeIgniter\Session\Handlers\FileHandler' driver.
INFO - 2024-05-12 07:20:35 --> Session: Class initialized using 'CodeIgniter\Session\Handlers\FileHandler' driver.
INFO - 2024-05-12 07:20:58 --> Session: Class initialized using 'CodeIgniter\Session\Handlers\FileHandler' driver.
INFO - 2024-05-12 07:21:12 --> Session: Class initialized using 'CodeIgniter\Session\Handlers\FileHandler' driver.
INFO - 2024-05-12 07:21:34 --> Session: Class initialized using 'CodeIgniter\Session\Handlers\FileHandler' driver.
INFO - 2024-05-12 07:21:56 --> Session: Class initialized using 'CodeIgniter\Session\Handlers\FileHandler' driver.
INFO - 2024-05-12 07:22:34 --> Session: Class initialized using 'CodeIgniter\Session\Handlers\FileHandler' driver.
INFO - 2024-05-12 07:23:10 --> Session: Class initialized using 'CodeIgniter\Session\Handlers\FileHandler' driver.
INFO - 2024-05-12 07:23:19 --> Session: Class initialized using 'CodeIgniter\Session\Handlers\FileHandler' driver.
INFO - 2024-05-12 07:23:40 --> Session: Class initialized using 'CodeIgniter\Session\Handlers\FileHandler' driver.
INFO - 2024-05-12 07:23:53 --> Session: Class initialized using 'CodeIgniter\Session\Handlers\FileHandler' driver.
INFO - 2024-05-12 07:24:05 --> Session: Class initialized using 'CodeIgniter\Session\Handlers\FileHandler' driver.
INFO - 2024-05-12 07:24:37 --> Session: Class initialized using 'CodeIgniter\Session\Handlers\FileHandler' driver.
INFO - 2024-05-12 07:24:45 --> Session: Class initialized using 'CodeIgniter\Session\Handlers\FileHandler' driver.
INFO - 2024-05-12 07:26:27 --> Session: Class initialized using 'CodeIgniter\Session\Handlers\FileHandler' driver.
INFO - 2024-05-12 07:26:43 --> Session: Class initialized using 'CodeIgniter\Session\Handlers\FileHandler' driver.
INFO - 2024-05-12 07:27:08 --> Session: Class initialized using 'CodeIgniter\Session\Handlers\FileHandler' driver.
INFO - 2024-05-12 07:28:02 --> Session: Class initialized using 'CodeIgniter\Session\Handlers\FileHandler' driver.
INFO - 2024-05-12 07:28:33 --> Session: Class initialized using 'CodeIgniter\Session\Handlers\FileHandler' driver.
INFO - 2024-05-12 07:28:46 --> Session: Class initialized using 'CodeIgniter\Session\Handlers\FileHandler' driver.
INFO - 2024-05-12 07:28:59 --> Session: Class initialized using 'CodeIgniter\Session\Handlers\FileHandler' driver.
INFO - 2024-05-12 07:29:42 --> Session: Class initialized using 'CodeIgniter\Session\Handlers\FileHandler' driver.
INFO - 2024-05-12 07:29:44 --> Session: Class initialized using 'CodeIgniter\Session\Handlers\FileHandler' driver.
INFO - 2024-05-12 07:29:47 --> Session: Class initialized using 'CodeIgniter\Session\Handlers\FileHandler' driver.
INFO - 2024-05-12 07:30:08 --> Session: Class initialized using 'CodeIgniter\Session\Handlers\FileHandler' driver.
INFO - 2024-05-12 07:30:52 --> Session: Class initialized using 'CodeIgniter\Session\Handlers\FileHandler' driver.
INFO - 2024-05-12 07:32:41 --> Session: Class initialized using 'CodeIgniter\Session\Handlers\FileHandler' driver.
INFO - 2024-05-12 07:33:53 --> Session: Class initialized using 'CodeIgniter\Session\Handlers\FileHandler' driver.
INFO - 2024-05-12 07:35:48 --> Session: Class initialized using 'CodeIgniter\Session\Handlers\FileHandler' driver.
CRITICAL - 2024-05-12 07:35:48 --> Undefined variable: data
in APPPATH\Views\home.php on line 30.
 1 APPPATH\Views\home.php(30): CodeIgniter\Debug\Exceptions->errorHandler(8, 'Undefined variable: data', 'C:\\Users\\ACER\\OneDrive\\Documents\\TA\\TA2\\pembukuan_keuangan\\app\\Views\\home.php', 30, [...])
 2 SYSTEMPATH\View\View.php(224): include('C:\\Users\\ACER\\OneDrive\\Documents\\TA\\TA2\\pembukuan_keuangan\\app\\Views\\home.php')
 3 SYSTEMPATH\View\View.php(227): CodeIgniter\View\View->CodeIgniter\View\{closure}()
 4 SYSTEMPATH\Common.php(1180): CodeIgniter\View\View->render('home', [], true)
 5 APPPATH\Views\templates\content.php(5): view('home')
 6 SYSTEMPATH\View\View.php(224): include('C:\\Users\\ACER\\OneDrive\\Documents\\TA\\TA2\\pembukuan_keuangan\\app\\Views\\templates\\content.php')
 7 SYSTEMPATH\View\View.php(227): CodeIgniter\View\View->CodeIgniter\View\{closure}()
 8 SYSTEMPATH\Common.php(1180): CodeIgniter\View\View->render('templates/content', [], true)
 9 APPPATH\Controllers\Pages.php(52): view('templates/content', [...])
10 SYSTEMPATH\CodeIgniter.php(932): App\Controllers\Pages->index()
11 SYSTEMPATH\CodeIgniter.php(497): CodeIgniter\CodeIgniter->runController(Object(App\Controllers\Pages))
12 SYSTEMPATH\CodeIgniter.php(366): CodeIgniter\CodeIgniter->handleRequest(null, Object(Config\Cache), false)
13 FCPATH\index.php(67): CodeIgniter\CodeIgniter->run()
14 SYSTEMPATH\Commands\Server\rewrite.php(47): require_once('C:\\Users\\ACER\\OneDrive\\Documents\\TA\\TA2\\pembukuan_keuangan\\public\\index.php')
INFO - 2024-05-12 07:36:09 --> Session: Class initialized using 'CodeIgniter\Session\Handlers\FileHandler' driver.
CRITICAL - 2024-05-12 07:36:09 --> Undefined variable: data
in APPPATH\Views\home.php on line 30.
 1 APPPATH\Views\home.php(30): CodeIgniter\Debug\Exceptions->errorHandler(8, 'Undefined variable: data', 'C:\\Users\\ACER\\OneDrive\\Documents\\TA\\TA2\\pembukuan_keuangan\\app\\Views\\home.php', 30, [...])
 2 SYSTEMPATH\View\View.php(224): include('C:\\Users\\ACER\\OneDrive\\Documents\\TA\\TA2\\pembukuan_keuangan\\app\\Views\\home.php')
 3 SYSTEMPATH\View\View.php(227): CodeIgniter\View\View->CodeIgniter\View\{closure}()
 4 SYSTEMPATH\Common.php(1180): CodeIgniter\View\View->render('home', [], true)
 5 APPPATH\Views\templates\content.php(5): view('home')
 6 SYSTEMPATH\View\View.php(224): include('C:\\Users\\ACER\\OneDrive\\Documents\\TA\\TA2\\pembukuan_keuangan\\app\\Views\\templates\\content.php')
 7 SYSTEMPATH\View\View.php(227): CodeIgniter\View\View->CodeIgniter\View\{closure}()
 8 SYSTEMPATH\Common.php(1180): CodeIgniter\View\View->render('templates/content', [], true)
 9 APPPATH\Controllers\Pages.php(52): view('templates/content', [...])
10 SYSTEMPATH\CodeIgniter.php(932): App\Controllers\Pages->index()
11 SYSTEMPATH\CodeIgniter.php(497): CodeIgniter\CodeIgniter->runController(Object(App\Controllers\Pages))
12 SYSTEMPATH\CodeIgniter.php(366): CodeIgniter\CodeIgniter->handleRequest(null, Object(Config\Cache), false)
13 FCPATH\index.php(67): CodeIgniter\CodeIgniter->run()
14 SYSTEMPATH\Commands\Server\rewrite.php(47): require_once('C:\\Users\\ACER\\OneDrive\\Documents\\TA\\TA2\\pembukuan_keuangan\\public\\index.php')
INFO - 2024-05-12 07:36:20 --> Session: Class initialized using 'CodeIgniter\Session\Handlers\FileHandler' driver.
CRITICAL - 2024-05-12 07:36:20 --> Undefined variable: data
in APPPATH\Views\home.php on line 30.
 1 APPPATH\Views\home.php(30): CodeIgniter\Debug\Exceptions->errorHandler(8, 'Undefined variable: data', 'C:\\Users\\ACER\\OneDrive\\Documents\\TA\\TA2\\pembukuan_keuangan\\app\\Views\\home.php', 30, [...])
 2 SYSTEMPATH\View\View.php(224): include('C:\\Users\\ACER\\OneDrive\\Documents\\TA\\TA2\\pembukuan_keuangan\\app\\Views\\home.php')
 3 SYSTEMPATH\View\View.php(227): CodeIgniter\View\View->CodeIgniter\View\{closure}()
 4 SYSTEMPATH\Common.php(1180): CodeIgniter\View\View->render('home', [], true)
 5 APPPATH\Views\templates\content.php(5): view('home')
 6 SYSTEMPATH\View\View.php(224): include('C:\\Users\\ACER\\OneDrive\\Documents\\TA\\TA2\\pembukuan_keuangan\\app\\Views\\templates\\content.php')
 7 SYSTEMPATH\View\View.php(227): CodeIgniter\View\View->CodeIgniter\View\{closure}()
 8 SYSTEMPATH\Common.php(1180): CodeIgniter\View\View->render('templates/content', [], true)
 9 APPPATH\Controllers\Pages.php(52): view('templates/content', [...])
10 SYSTEMPATH\CodeIgniter.php(932): App\Controllers\Pages->index()
11 SYSTEMPATH\CodeIgniter.php(497): CodeIgniter\CodeIgniter->runController(Object(App\Controllers\Pages))
12 SYSTEMPATH\CodeIgniter.php(366): CodeIgniter\CodeIgniter->handleRequest(null, Object(Config\Cache), false)
13 FCPATH\index.php(67): CodeIgniter\CodeIgniter->run()
14 SYSTEMPATH\Commands\Server\rewrite.php(47): require_once('C:\\Users\\ACER\\OneDrive\\Documents\\TA\\TA2\\pembukuan_keuangan\\public\\index.php')
INFO - 2024-05-12 07:36:50 --> Session: Class initialized using 'CodeIgniter\Session\Handlers\FileHandler' driver.
INFO - 2024-05-12 07:37:07 --> Session: Class initialized using 'CodeIgniter\Session\Handlers\FileHandler' driver.
INFO - 2024-05-12 07:37:30 --> Session: Class initialized using 'CodeIgniter\Session\Handlers\FileHandler' driver.
INFO - 2024-05-12 07:39:13 --> Session: Class initialized using 'CodeIgniter\Session\Handlers\FileHandler' driver.
INFO - 2024-05-12 07:42:23 --> Session: Class initialized using 'CodeIgniter\Session\Handlers\FileHandler' driver.
INFO - 2024-05-12 07:43:31 --> Session: Class initialized using 'CodeIgniter\Session\Handlers\FileHandler' driver.
INFO - 2024-05-12 07:44:07 --> Session: Class initialized using 'CodeIgniter\Session\Handlers\FileHandler' driver.
INFO - 2024-05-12 07:47:04 --> Session: Class initialized using 'CodeIgniter\Session\Handlers\FileHandler' driver.
INFO - 2024-05-12 07:48:43 --> Session: Class initialized using 'CodeIgniter\Session\Handlers\FileHandler' driver.
INFO - 2024-05-12 07:50:23 --> Session: Class initialized using 'CodeIgniter\Session\Handlers\FileHandler' driver.
INFO - 2024-05-12 07:50:58 --> Session: Class initialized using 'CodeIgniter\Session\Handlers\FileHandler' driver.
INFO - 2024-05-12 07:51:27 --> Session: Class initialized using 'CodeIgniter\Session\Handlers\FileHandler' driver.
INFO - 2024-05-12 07:51:28 --> Session: Class initialized using 'CodeIgniter\Session\Handlers\FileHandler' driver.
INFO - 2024-05-12 07:51:56 --> Session: Class initialized using 'CodeIgniter\Session\Handlers\FileHandler' driver.
INFO - 2024-05-12 07:53:01 --> Session: Class initialized using 'CodeIgniter\Session\Handlers\FileHandler' driver.
INFO - 2024-05-12 07:53:45 --> Session: Class initialized using 'CodeIgniter\Session\Handlers\FileHandler' driver.
INFO - 2024-05-12 07:53:56 --> Session: Class initialized using 'CodeIgniter\Session\Handlers\FileHandler' driver.
INFO - 2024-05-12 07:54:24 --> Session: Class initialized using 'CodeIgniter\Session\Handlers\FileHandler' driver.
INFO - 2024-05-12 07:55:30 --> Session: Class initialized using 'CodeIgniter\Session\Handlers\FileHandler' driver.
INFO - 2024-05-12 07:55:43 --> Session: Class initialized using 'CodeIgniter\Session\Handlers\FileHandler' driver.
INFO - 2024-05-12 08:03:04 --> Session: Class initialized using 'CodeIgniter\Session\Handlers\FileHandler' driver.
INFO - 2024-05-12 08:03:30 --> Session: Class initialized using 'CodeIgniter\Session\Handlers\FileHandler' driver.
INFO - 2024-05-12 08:05:48 --> Session: Class initialized using 'CodeIgniter\Session\Handlers\FileHandler' driver.
INFO - 2024-05-12 08:06:15 --> Session: Class initialized using 'CodeIgniter\Session\Handlers\FileHandler' driver.
INFO - 2024-05-12 08:06:32 --> Session: Class initialized using 'CodeIgniter\Session\Handlers\FileHandler' driver.
INFO - 2024-05-12 08:09:17 --> Session: Class initialized using 'CodeIgniter\Session\Handlers\FileHandler' driver.
CRITICAL - 2024-05-12 08:09:17 --> Access denied for user 'root'@'localhost' (using password: NO)
in APPPATH\Controllers\Pages.php on line 37.
 1 APPPATH\Controllers\Pages.php(37): mysqli_connect('localhost', 'root', '', 'phpdasar')
 2 SYSTEMPATH\CodeIgniter.php(932): App\Controllers\Pages->index()
 3 SYSTEMPATH\CodeIgniter.php(497): CodeIgniter\CodeIgniter->runController(Object(App\Controllers\Pages))
 4 SYSTEMPATH\CodeIgniter.php(366): CodeIgniter\CodeIgniter->handleRequest(null, Object(Config\Cache), false)
 5 FCPATH\index.php(67): CodeIgniter\CodeIgniter->run()
 6 SYSTEMPATH\Commands\Server\rewrite.php(47): require_once('C:\\Users\\ACER\\OneDrive\\Documents\\TA\\TA2\\pembukuan_keuangan\\public\\index.php')
INFO - 2024-05-12 08:09:44 --> Session: Class initialized using 'CodeIgniter\Session\Handlers\FileHandler' driver.
CRITICAL - 2024-05-12 08:09:44 --> Access denied for user 'root'@'localhost' (using password: NO)
in APPPATH\Controllers\Pages.php on line 37.
 1 APPPATH\Controllers\Pages.php(37): mysqli_connect('localhost', 'root', '', 'phpdasar')
 2 SYSTEMPATH\CodeIgniter.php(932): App\Controllers\Pages->index()
 3 SYSTEMPATH\CodeIgniter.php(497): CodeIgniter\CodeIgniter->runController(Object(App\Controllers\Pages))
 4 SYSTEMPATH\CodeIgniter.php(366): CodeIgniter\CodeIgniter->handleRequest(null, Object(Config\Cache), false)
 5 FCPATH\index.php(67): CodeIgniter\CodeIgniter->run()
 6 SYSTEMPATH\Commands\Server\rewrite.php(47): require_once('C:\\Users\\ACER\\OneDrive\\Documents\\TA\\TA2\\pembukuan_keuangan\\public\\index.php')
INFO - 2024-05-12 08:11:23 --> Session: Class initialized using 'CodeIgniter\Session\Handlers\FileHandler' driver.
CRITICAL - 2024-05-12 08:11:23 --> Access denied for user 'root'@'localhost' (using password: NO)
in APPPATH\Controllers\Pages.php on line 37.
 1 APPPATH\Controllers\Pages.php(37): mysqli_connect('localhost', 'root', '', 'phpdasar')
 2 SYSTEMPATH\CodeIgniter.php(932): App\Controllers\Pages->index()
 3 SYSTEMPATH\CodeIgniter.php(497): CodeIgniter\CodeIgniter->runController(Object(App\Controllers\Pages))
 4 SYSTEMPATH\CodeIgniter.php(366): CodeIgniter\CodeIgniter->handleRequest(null, Object(Config\Cache), false)
 5 FCPATH\index.php(67): CodeIgniter\CodeIgniter->run()
 6 SYSTEMPATH\Commands\Server\rewrite.php(47): require_once('C:\\Users\\ACER\\OneDrive\\Documents\\TA\\TA2\\pembukuan_keuangan\\public\\index.php')
INFO - 2024-05-12 08:11:25 --> Session: Class initialized using 'CodeIgniter\Session\Handlers\FileHandler' driver.
CRITICAL - 2024-05-12 08:11:25 --> Access denied for user 'root'@'localhost' (using password: NO)
in APPPATH\Controllers\Pages.php on line 37.
 1 APPPATH\Controllers\Pages.php(37): mysqli_connect('localhost', 'root', '', 'phpdasar')
 2 SYSTEMPATH\CodeIgniter.php(932): App\Controllers\Pages->index()
 3 SYSTEMPATH\CodeIgniter.php(497): CodeIgniter\CodeIgniter->runController(Object(App\Controllers\Pages))
 4 SYSTEMPATH\CodeIgniter.php(366): CodeIgniter\CodeIgniter->handleRequest(null, Object(Config\Cache), false)
 5 FCPATH\index.php(67): CodeIgniter\CodeIgniter->run()
 6 SYSTEMPATH\Commands\Server\rewrite.php(47): require_once('C:\\Users\\ACER\\OneDrive\\Documents\\TA\\TA2\\pembukuan_keuangan\\public\\index.php')
INFO - 2024-05-12 08:11:35 --> Session: Class initialized using 'CodeIgniter\Session\Handlers\FileHandler' driver.
CRITICAL - 2024-05-12 08:11:35 --> Access denied for user 'root'@'localhost' (using password: NO)
in APPPATH\Controllers\Pages.php on line 37.
 1 APPPATH\Controllers\Pages.php(37): mysqli_connect('localhost', 'root', '', 'phpdasar')
 2 SYSTEMPATH\CodeIgniter.php(932): App\Controllers\Pages->index()
 3 SYSTEMPATH\CodeIgniter.php(497): CodeIgniter\CodeIgniter->runController(Object(App\Controllers\Pages))
 4 SYSTEMPATH\CodeIgniter.php(366): CodeIgniter\CodeIgniter->handleRequest(null, Object(Config\Cache), false)
 5 FCPATH\index.php(67): CodeIgniter\CodeIgniter->run()
 6 SYSTEMPATH\Commands\Server\rewrite.php(47): require_once('C:\\Users\\ACER\\OneDrive\\Documents\\TA\\TA2\\pembukuan_keuangan\\public\\index.php')
INFO - 2024-05-12 08:12:02 --> Session: Class initialized using 'CodeIgniter\Session\Handlers\FileHandler' driver.
CRITICAL - 2024-05-12 08:12:02 --> Table 'db_pembukuan.tanggal_transaksi' doesn't exist
in APPPATH\Controllers\Pages.php on line 41.
 1 APPPATH\Controllers\Pages.php(41): mysqli_query(Object(mysqli), 'SELECT * FROM tanggal_transaksi')
 2 SYSTEMPATH\CodeIgniter.php(932): App\Controllers\Pages->index()
 3 SYSTEMPATH\CodeIgniter.php(497): CodeIgniter\CodeIgniter->runController(Object(App\Controllers\Pages))
 4 SYSTEMPATH\CodeIgniter.php(366): CodeIgniter\CodeIgniter->handleRequest(null, Object(Config\Cache), false)
 5 FCPATH\index.php(67): CodeIgniter\CodeIgniter->run()
 6 SYSTEMPATH\Commands\Server\rewrite.php(47): require_once('C:\\Users\\ACER\\OneDrive\\Documents\\TA\\TA2\\pembukuan_keuangan\\public\\index.php')
INFO - 2024-05-12 08:13:04 --> Session: Class initialized using 'CodeIgniter\Session\Handlers\FileHandler' driver.
INFO - 2024-05-12 08:14:12 --> Session: Class initialized using 'CodeIgniter\Session\Handlers\FileHandler' driver.
INFO - 2024-05-12 08:14:57 --> Session: Class initialized using 'CodeIgniter\Session\Handlers\FileHandler' driver.
INFO - 2024-05-12 08:15:30 --> Session: Class initialized using 'CodeIgniter\Session\Handlers\FileHandler' driver.
INFO - 2024-05-12 08:15:57 --> Session: Class initialized using 'CodeIgniter\Session\Handlers\FileHandler' driver.
INFO - 2024-05-12 08:18:52 --> Session: Class initialized using 'CodeIgniter\Session\Handlers\FileHandler' driver.
CRITICAL - 2024-05-12 08:18:52 --> mysqli_query(): Empty query
in APPPATH\Controllers\Pages.php on line 41.
 1 [internal function]: CodeIgniter\Debug\Exceptions->errorHandler(2, 'mysqli_query(): Empty query', 'C:\\Users\\ACER\\OneDrive\\Documents\\TA\\TA2\\pembukuan_keuangan\\app\\Controllers\\Pages.php', 41, [...])
 2 APPPATH\Controllers\Pages.php(41): mysqli_query(Object(mysqli), '')
 3 SYSTEMPATH\CodeIgniter.php(932): App\Controllers\Pages->index()
 4 SYSTEMPATH\CodeIgniter.php(497): CodeIgniter\CodeIgniter->runController(Object(App\Controllers\Pages))
 5 SYSTEMPATH\CodeIgniter.php(366): CodeIgniter\CodeIgniter->handleRequest(null, Object(Config\Cache), false)
 6 FCPATH\index.php(67): CodeIgniter\CodeIgniter->run()
 7 SYSTEMPATH\Commands\Server\rewrite.php(47): require_once('C:\\Users\\ACER\\OneDrive\\Documents\\TA\\TA2\\pembukuan_keuangan\\public\\index.php')
INFO - 2024-05-12 08:19:09 --> Session: Class initialized using 'CodeIgniter\Session\Handlers\FileHandler' driver.
INFO - 2024-05-12 08:29:02 --> Session: Class initialized using 'CodeIgniter\Session\Handlers\FileHandler' driver.
INFO - 2024-05-12 08:32:26 --> Session: Class initialized using 'CodeIgniter\Session\Handlers\FileHandler' driver.
INFO - 2024-05-12 08:34:34 --> Session: Class initialized using 'CodeIgniter\Session\Handlers\FileHandler' driver.
INFO - 2024-05-12 08:35:58 --> Session: Class initialized using 'CodeIgniter\Session\Handlers\FileHandler' driver.
CRITICAL - 2024-05-12 08:35:58 --> Undefined variable: link
in APPPATH\Views\templates\sidebar.php on line 33.
 1 APPPATH\Views\templates\sidebar.php(33): CodeIgniter\Debug\Exceptions->errorHandler(8, 'Undefined variable: link', 'C:\\Users\\ACER\\OneDrive\\Documents\\TA\\TA2\\pembukuan_keuangan\\app\\Views\\templates\\sidebar.php', 33, [])
 2 APPPATH\Views\templates\content.php(4): include('C:\\Users\\ACER\\OneDrive\\Documents\\TA\\TA2\\pembukuan_keuangan\\app\\Views\\templates\\sidebar.php')
 3 SYSTEMPATH\View\View.php(224): include('C:\\Users\\ACER\\OneDrive\\Documents\\TA\\TA2\\pembukuan_keuangan\\app\\Views\\templates\\content.php')
 4 SYSTEMPATH\View\View.php(227): CodeIgniter\View\View->CodeIgniter\View\{closure}()
 5 SYSTEMPATH\Common.php(1180): CodeIgniter\View\View->render('templates/content', [...], true)
 6 APPPATH\Controllers\Pages.php(42): view('templates/content', [...], [...])
 7 SYSTEMPATH\CodeIgniter.php(932): App\Controllers\Pages->index()
 8 SYSTEMPATH\CodeIgniter.php(497): CodeIgniter\CodeIgniter->runController(Object(App\Controllers\Pages))
 9 SYSTEMPATH\CodeIgniter.php(366): CodeIgniter\CodeIgniter->handleRequest(null, Object(Config\Cache), false)
10 FCPATH\index.php(67): CodeIgniter\CodeIgniter->run()
11 SYSTEMPATH\Commands\Server\rewrite.php(47): require_once('C:\\Users\\ACER\\OneDrive\\Documents\\TA\\TA2\\pembukuan_keuangan\\public\\index.php')
INFO - 2024-05-12 08:36:24 --> Session: Class initialized using 'CodeIgniter\Session\Handlers\FileHandler' driver.
CRITICAL - 2024-05-12 08:36:24 --> Undefined variable: link
in APPPATH\Views\templates\sidebar.php on line 33.
 1 APPPATH\Views\templates\sidebar.php(33): CodeIgniter\Debug\Exceptions->errorHandler(8, 'Undefined variable: link', 'C:\\Users\\ACER\\OneDrive\\Documents\\TA\\TA2\\pembukuan_keuangan\\app\\Views\\templates\\sidebar.php', 33, [])
 2 APPPATH\Views\templates\content.php(4): include('C:\\Users\\ACER\\OneDrive\\Documents\\TA\\TA2\\pembukuan_keuangan\\app\\Views\\templates\\sidebar.php')
 3 SYSTEMPATH\View\View.php(224): include('C:\\Users\\ACER\\OneDrive\\Documents\\TA\\TA2\\pembukuan_keuangan\\app\\Views\\templates\\content.php')
 4 SYSTEMPATH\View\View.php(227): CodeIgniter\View\View->CodeIgniter\View\{closure}()
 5 SYSTEMPATH\Common.php(1180): CodeIgniter\View\View->render('templates/content', [...], true)
 6 APPPATH\Controllers\Pages.php(42): view('templates/content', [...], [...])
 7 SYSTEMPATH\CodeIgniter.php(932): App\Controllers\Pages->index()
 8 SYSTEMPATH\CodeIgniter.php(497): CodeIgniter\CodeIgniter->runController(Object(App\Controllers\Pages))
 9 SYSTEMPATH\CodeIgniter.php(366): CodeIgniter\CodeIgniter->handleRequest(null, Object(Config\Cache), false)
10 FCPATH\index.php(67): CodeIgniter\CodeIgniter->run()
11 SYSTEMPATH\Commands\Server\rewrite.php(47): require_once('C:\\Users\\ACER\\OneDrive\\Documents\\TA\\TA2\\pembukuan_keuangan\\public\\index.php')
INFO - 2024-05-12 08:37:49 --> Session: Class initialized using 'CodeIgniter\Session\Handlers\FileHandler' driver.
CRITICAL - 2024-05-12 08:37:49 --> Undefined variable: link
in APPPATH\Views\templates\sidebar.php on line 33.
 1 APPPATH\Views\templates\sidebar.php(33): CodeIgniter\Debug\Exceptions->errorHandler(8, 'Undefined variable: link', 'C:\\Users\\ACER\\OneDrive\\Documents\\TA\\TA2\\pembukuan_keuangan\\app\\Views\\templates\\sidebar.php', 33, [...])
 2 APPPATH\Views\templates\content.php(4): include('C:\\Users\\ACER\\OneDrive\\Documents\\TA\\TA2\\pembukuan_keuangan\\app\\Views\\templates\\sidebar.php')
 3 SYSTEMPATH\View\View.php(224): include('C:\\Users\\ACER\\OneDrive\\Documents\\TA\\TA2\\pembukuan_keuangan\\app\\Views\\templates\\content.php')
 4 SYSTEMPATH\View\View.php(227): CodeIgniter\View\View->CodeIgniter\View\{closure}()
 5 SYSTEMPATH\Common.php(1180): CodeIgniter\View\View->render('templates/content', [], true)
 6 APPPATH\Controllers\Pages.php(42): view('templates/content', [...])
 7 SYSTEMPATH\CodeIgniter.php(932): App\Controllers\Pages->index()
 8 SYSTEMPATH\CodeIgniter.php(497): CodeIgniter\CodeIgniter->runController(Object(App\Controllers\Pages))
 9 SYSTEMPATH\CodeIgniter.php(366): CodeIgniter\CodeIgniter->handleRequest(null, Object(Config\Cache), false)
10 FCPATH\index.php(67): CodeIgniter\CodeIgniter->run()
11 SYSTEMPATH\Commands\Server\rewrite.php(47): require_once('C:\\Users\\ACER\\OneDrive\\Documents\\TA\\TA2\\pembukuan_keuangan\\public\\index.php')
INFO - 2024-05-12 08:38:21 --> Session: Class initialized using 'CodeIgniter\Session\Handlers\FileHandler' driver.
CRITICAL - 2024-05-12 08:38:21 --> Undefined variable: link
in APPPATH\Views\templates\sidebar.php on line 33.
 1 APPPATH\Views\templates\sidebar.php(33): CodeIgniter\Debug\Exceptions->errorHandler(8, 'Undefined variable: link', 'C:\\Users\\ACER\\OneDrive\\Documents\\TA\\TA2\\pembukuan_keuangan\\app\\Views\\templates\\sidebar.php', 33, [...])
 2 APPPATH\Views\templates\content.php(4): include('C:\\Users\\ACER\\OneDrive\\Documents\\TA\\TA2\\pembukuan_keuangan\\app\\Views\\templates\\sidebar.php')
 3 SYSTEMPATH\View\View.php(224): include('C:\\Users\\ACER\\OneDrive\\Documents\\TA\\TA2\\pembukuan_keuangan\\app\\Views\\templates\\content.php')
 4 SYSTEMPATH\View\View.php(227): CodeIgniter\View\View->CodeIgniter\View\{closure}()
 5 SYSTEMPATH\Common.php(1180): CodeIgniter\View\View->render('templates/content', [], true)
 6 APPPATH\Controllers\Pages.php(42): view('templates/content', [...])
 7 SYSTEMPATH\CodeIgniter.php(932): App\Controllers\Pages->index()
 8 SYSTEMPATH\CodeIgniter.php(497): CodeIgniter\CodeIgniter->runController(Object(App\Controllers\Pages))
 9 SYSTEMPATH\CodeIgniter.php(366): CodeIgniter\CodeIgniter->handleRequest(null, Object(Config\Cache), false)
10 FCPATH\index.php(67): CodeIgniter\CodeIgniter->run()
11 SYSTEMPATH\Commands\Server\rewrite.php(47): require_once('C:\\Users\\ACER\\OneDrive\\Documents\\TA\\TA2\\pembukuan_keuangan\\public\\index.php')
INFO - 2024-05-12 08:40:56 --> Session: Class initialized using 'CodeIgniter\Session\Handlers\FileHandler' driver.
INFO - 2024-05-12 08:42:16 --> Session: Class initialized using 'CodeIgniter\Session\Handlers\FileHandler' driver.
INFO - 2024-05-12 08:42:37 --> Session: Class initialized using 'CodeIgniter\Session\Handlers\FileHandler' driver.
INFO - 2024-05-12 08:42:39 --> Session: Class initialized using 'CodeIgniter\Session\Handlers\FileHandler' driver.
INFO - 2024-05-12 08:44:31 --> Session: Class initialized using 'CodeIgniter\Session\Handlers\FileHandler' driver.
INFO - 2024-05-12 08:46:53 --> Session: Class initialized using 'CodeIgniter\Session\Handlers\FileHandler' driver.
CRITICAL - 2024-05-12 08:46:53 --> include(./templates/header.php): failed to open stream: No such file or directory
in APPPATH\Views\home.php on line 2.
 1 APPPATH\Views\home.php(2): CodeIgniter\Debug\Exceptions->errorHandler(2, 'include(./templates/header.php): failed to open stream: No such file or directory', 'C:\\Users\\ACER\\OneDrive\\Documents\\TA\\TA2\\pembukuan_keuangan\\app\\Views\\home.php', 2, [...])
 2 APPPATH\Views\home.php(2): include()
 3 SYSTEMPATH\View\View.php(224): include('C:\\Users\\ACER\\OneDrive\\Documents\\TA\\TA2\\pembukuan_keuangan\\app\\Views\\home.php')
 4 SYSTEMPATH\View\View.php(227): CodeIgniter\View\View->CodeIgniter\View\{closure}()
 5 SYSTEMPATH\Common.php(1180): CodeIgniter\View\View->render('home', [], true)
 6 APPPATH\Controllers\Pages.php(38): view('home', [...])
 7 SYSTEMPATH\CodeIgniter.php(932): App\Controllers\Pages->index()
 8 SYSTEMPATH\CodeIgniter.php(497): CodeIgniter\CodeIgniter->runController(Object(App\Controllers\Pages))
 9 SYSTEMPATH\CodeIgniter.php(366): CodeIgniter\CodeIgniter->handleRequest(null, Object(Config\Cache), false)
10 FCPATH\index.php(67): CodeIgniter\CodeIgniter->run()
11 SYSTEMPATH\Commands\Server\rewrite.php(47): require_once('C:\\Users\\ACER\\OneDrive\\Documents\\TA\\TA2\\pembukuan_keuangan\\public\\index.php')
INFO - 2024-05-12 08:47:11 --> Session: Class initialized using 'CodeIgniter\Session\Handlers\FileHandler' driver.
CRITICAL - 2024-05-12 08:47:11 --> Undefined variable: link
in APPPATH\Views\templates\sidebar.php on line 33.
 1 APPPATH\Views\templates\sidebar.php(33): CodeIgniter\Debug\Exceptions->errorHandler(8, 'Undefined variable: link', 'C:\\Users\\ACER\\OneDrive\\Documents\\TA\\TA2\\pembukuan_keuangan\\app\\Views\\templates\\sidebar.php', 33, [...])
 2 APPPATH\Views\home.php(4): include('C:\\Users\\ACER\\OneDrive\\Documents\\TA\\TA2\\pembukuan_keuangan\\app\\Views\\templates\\sidebar.php')
 3 SYSTEMPATH\View\View.php(224): include('C:\\Users\\ACER\\OneDrive\\Documents\\TA\\TA2\\pembukuan_keuangan\\app\\Views\\home.php')
 4 SYSTEMPATH\View\View.php(227): CodeIgniter\View\View->CodeIgniter\View\{closure}()
 5 SYSTEMPATH\Common.php(1180): CodeIgniter\View\View->render('home', [], true)
 6 APPPATH\Controllers\Pages.php(38): view('home', [...])
 7 SYSTEMPATH\CodeIgniter.php(932): App\Controllers\Pages->index()
 8 SYSTEMPATH\CodeIgniter.php(497): CodeIgniter\CodeIgniter->runController(Object(App\Controllers\Pages))
 9 SYSTEMPATH\CodeIgniter.php(366): CodeIgniter\CodeIgniter->handleRequest(null, Object(Config\Cache), false)
10 FCPATH\index.php(67): CodeIgniter\CodeIgniter->run()
11 SYSTEMPATH\Commands\Server\rewrite.php(47): require_once('C:\\Users\\ACER\\OneDrive\\Documents\\TA\\TA2\\pembukuan_keuangan\\public\\index.php')
INFO - 2024-05-12 08:47:19 --> Session: Class initialized using 'CodeIgniter\Session\Handlers\FileHandler' driver.
CRITICAL - 2024-05-12 08:47:19 --> include(./templates/header.php): failed to open stream: No such file or directory
in APPPATH\Views\home.php on line 2.
 1 APPPATH\Views\home.php(2): CodeIgniter\Debug\Exceptions->errorHandler(2, 'include(./templates/header.php): failed to open stream: No such file or directory', 'C:\\Users\\ACER\\OneDrive\\Documents\\TA\\TA2\\pembukuan_keuangan\\app\\Views\\home.php', 2, [...])
 2 APPPATH\Views\home.php(2): include()
 3 SYSTEMPATH\View\View.php(224): include('C:\\Users\\ACER\\OneDrive\\Documents\\TA\\TA2\\pembukuan_keuangan\\app\\Views\\home.php')
 4 SYSTEMPATH\View\View.php(227): CodeIgniter\View\View->CodeIgniter\View\{closure}()
 5 SYSTEMPATH\Common.php(1180): CodeIgniter\View\View->render('home', [], true)
 6 APPPATH\Controllers\Pages.php(38): view('home', [...])
 7 SYSTEMPATH\CodeIgniter.php(932): App\Controllers\Pages->index()
 8 SYSTEMPATH\CodeIgniter.php(497): CodeIgniter\CodeIgniter->runController(Object(App\Controllers\Pages))
 9 SYSTEMPATH\CodeIgniter.php(366): CodeIgniter\CodeIgniter->handleRequest(null, Object(Config\Cache), false)
10 FCPATH\index.php(67): CodeIgniter\CodeIgniter->run()
11 SYSTEMPATH\Commands\Server\rewrite.php(47): require_once('C:\\Users\\ACER\\OneDrive\\Documents\\TA\\TA2\\pembukuan_keuangan\\public\\index.php')
INFO - 2024-05-12 08:47:52 --> Session: Class initialized using 'CodeIgniter\Session\Handlers\FileHandler' driver.
CRITICAL - 2024-05-12 08:47:52 --> include(../templates/header.php): failed to open stream: No such file or directory
in APPPATH\Views\home.php on line 2.
 1 APPPATH\Views\home.php(2): CodeIgniter\Debug\Exceptions->errorHandler(2, 'include(../templates/header.php): failed to open stream: No such file or directory', 'C:\\Users\\ACER\\OneDrive\\Documents\\TA\\TA2\\pembukuan_keuangan\\app\\Views\\home.php', 2, [...])
 2 APPPATH\Views\home.php(2): include()
 3 SYSTEMPATH\View\View.php(224): include('C:\\Users\\ACER\\OneDrive\\Documents\\TA\\TA2\\pembukuan_keuangan\\app\\Views\\home.php')
 4 SYSTEMPATH\View\View.php(227): CodeIgniter\View\View->CodeIgniter\View\{closure}()
 5 SYSTEMPATH\Common.php(1180): CodeIgniter\View\View->render('home', [], true)
 6 APPPATH\Controllers\Pages.php(38): view('home', [...])
 7 SYSTEMPATH\CodeIgniter.php(932): App\Controllers\Pages->index()
 8 SYSTEMPATH\CodeIgniter.php(497): CodeIgniter\CodeIgniter->runController(Object(App\Controllers\Pages))
 9 SYSTEMPATH\CodeIgniter.php(366): CodeIgniter\CodeIgniter->handleRequest(null, Object(Config\Cache), false)
10 FCPATH\index.php(67): CodeIgniter\CodeIgniter->run()
11 SYSTEMPATH\Commands\Server\rewrite.php(47): require_once('C:\\Users\\ACER\\OneDrive\\Documents\\TA\\TA2\\pembukuan_keuangan\\public\\index.php')
INFO - 2024-05-12 08:48:06 --> Session: Class initialized using 'CodeIgniter\Session\Handlers\FileHandler' driver.
CRITICAL - 2024-05-12 08:48:06 --> Undefined variable: link
in APPPATH\Views\templates\sidebar.php on line 33.
 1 APPPATH\Views\templates\sidebar.php(33): CodeIgniter\Debug\Exceptions->errorHandler(8, 'Undefined variable: link', 'C:\\Users\\ACER\\OneDrive\\Documents\\TA\\TA2\\pembukuan_keuangan\\app\\Views\\templates\\sidebar.php', 33, [...])
 2 APPPATH\Views\home.php(4): include('C:\\Users\\ACER\\OneDrive\\Documents\\TA\\TA2\\pembukuan_keuangan\\app\\Views\\templates\\sidebar.php')
 3 SYSTEMPATH\View\View.php(224): include('C:\\Users\\ACER\\OneDrive\\Documents\\TA\\TA2\\pembukuan_keuangan\\app\\Views\\home.php')
 4 SYSTEMPATH\View\View.php(227): CodeIgniter\View\View->CodeIgniter\View\{closure}()
 5 SYSTEMPATH\Common.php(1180): CodeIgniter\View\View->render('home', [], true)
 6 APPPATH\Controllers\Pages.php(38): view('home', [...])
 7 SYSTEMPATH\CodeIgniter.php(932): App\Controllers\Pages->index()
 8 SYSTEMPATH\CodeIgniter.php(497): CodeIgniter\CodeIgniter->runController(Object(App\Controllers\Pages))
 9 SYSTEMPATH\CodeIgniter.php(366): CodeIgniter\CodeIgniter->handleRequest(null, Object(Config\Cache), false)
10 FCPATH\index.php(67): CodeIgniter\CodeIgniter->run()
11 SYSTEMPATH\Commands\Server\rewrite.php(47): require_once('C:\\Users\\ACER\\OneDrive\\Documents\\TA\\TA2\\pembukuan_keuangan\\public\\index.php')
INFO - 2024-05-12 08:49:40 --> Session: Class initialized using 'CodeIgniter\Session\Handlers\FileHandler' driver.
CRITICAL - 2024-05-12 08:49:40 --> Undefined variable: link
in APPPATH\Views\templates\sidebar.php on line 33.
 1 APPPATH\Views\templates\sidebar.php(33): CodeIgniter\Debug\Exceptions->errorHandler(8, 'Undefined variable: link', 'C:\\Users\\ACER\\OneDrive\\Documents\\TA\\TA2\\pembukuan_keuangan\\app\\Views\\templates\\sidebar.php', 33, [...])
 2 APPPATH\Views\templates\home.php(4): include('C:\\Users\\ACER\\OneDrive\\Documents\\TA\\TA2\\pembukuan_keuangan\\app\\Views\\templates\\sidebar.php')
 3 SYSTEMPATH\View\View.php(224): include('C:\\Users\\ACER\\OneDrive\\Documents\\TA\\TA2\\pembukuan_keuangan\\app\\Views\\templates\\home.php')
 4 SYSTEMPATH\View\View.php(227): CodeIgniter\View\View->CodeIgniter\View\{closure}()
 5 SYSTEMPATH\Common.php(1180): CodeIgniter\View\View->render('templates/home', [], true)
 6 APPPATH\Controllers\Pages.php(38): view('templates/home', [...])
 7 SYSTEMPATH\CodeIgniter.php(932): App\Controllers\Pages->index()
 8 SYSTEMPATH\CodeIgniter.php(497): CodeIgniter\CodeIgniter->runController(Object(App\Controllers\Pages))
 9 SYSTEMPATH\CodeIgniter.php(366): CodeIgniter\CodeIgniter->handleRequest(null, Object(Config\Cache), false)
10 FCPATH\index.php(67): CodeIgniter\CodeIgniter->run()
11 SYSTEMPATH\Commands\Server\rewrite.php(47): require_once('C:\\Users\\ACER\\OneDrive\\Documents\\TA\\TA2\\pembukuan_keuangan\\public\\index.php')
INFO - 2024-05-12 08:52:46 --> Session: Class initialized using 'CodeIgniter\Session\Handlers\FileHandler' driver.
CRITICAL - 2024-05-12 08:52:46 --> Invalid file: "templates/home.php"
in SYSTEMPATH\Exceptions\FrameworkException.php on line 33.
 1 SYSTEMPATH\View\View.php(212): CodeIgniter\Exceptions\FrameworkException::forInvalidFile('templates/home.php')
 2 SYSTEMPATH\Common.php(1180): CodeIgniter\View\View->render('templates/home', [], true)
 3 APPPATH\Controllers\Pages.php(38): view('templates/home', [...])
 4 SYSTEMPATH\CodeIgniter.php(932): App\Controllers\Pages->index()
 5 SYSTEMPATH\CodeIgniter.php(497): CodeIgniter\CodeIgniter->runController(Object(App\Controllers\Pages))
 6 SYSTEMPATH\CodeIgniter.php(366): CodeIgniter\CodeIgniter->handleRequest(null, Object(Config\Cache), false)
 7 FCPATH\index.php(67): CodeIgniter\CodeIgniter->run()
 8 SYSTEMPATH\Commands\Server\rewrite.php(47): require_once('C:\\Users\\ACER\\OneDrive\\Documents\\TA\\TA2\\pembukuan_keuangan\\public\\index.php')
INFO - 2024-05-12 08:53:29 --> Session: Class initialized using 'CodeIgniter\Session\Handlers\FileHandler' driver.
CRITICAL - 2024-05-12 08:53:29 --> Invalid file: "templates/home.php"
in SYSTEMPATH\Exceptions\FrameworkException.php on line 33.
 1 SYSTEMPATH\View\View.php(212): CodeIgniter\Exceptions\FrameworkException::forInvalidFile('templates/home.php')
 2 SYSTEMPATH\Common.php(1180): CodeIgniter\View\View->render('templates/home', [], true)
 3 APPPATH\Controllers\Pages.php(38): view('templates/home', [...])
 4 SYSTEMPATH\CodeIgniter.php(932): App\Controllers\Pages->index()
 5 SYSTEMPATH\CodeIgniter.php(497): CodeIgniter\CodeIgniter->runController(Object(App\Controllers\Pages))
 6 SYSTEMPATH\CodeIgniter.php(366): CodeIgniter\CodeIgniter->handleRequest(null, Object(Config\Cache), false)
 7 FCPATH\index.php(67): CodeIgniter\CodeIgniter->run()
 8 SYSTEMPATH\Commands\Server\rewrite.php(47): require_once('C:\\Users\\ACER\\OneDrive\\Documents\\TA\\TA2\\pembukuan_keuangan\\public\\index.php')
INFO - 2024-05-12 08:55:17 --> Session: Class initialized using 'CodeIgniter\Session\Handlers\FileHandler' driver.
INFO - 2024-05-12 08:57:11 --> Session: Class initialized using 'CodeIgniter\Session\Handlers\FileHandler' driver.
CRITICAL - 2024-05-12 08:57:11 --> require(header.php): failed to open stream: No such file or directory
in APPPATH\Views\home.php on line 2.
 1 APPPATH\Views\home.php(2): CodeIgniter\Debug\Exceptions->errorHandler(2, 'require(header.php): failed to open stream: No such file or directory', 'C:\\Users\\ACER\\OneDrive\\Documents\\TA\\TA2\\pembukuan_keuangan\\app\\Views\\home.php', 2, [...])
 2 APPPATH\Views\home.php(2): require()
 3 SYSTEMPATH\View\View.php(224): include('C:\\Users\\ACER\\OneDrive\\Documents\\TA\\TA2\\pembukuan_keuangan\\app\\Views\\home.php')
 4 SYSTEMPATH\View\View.php(227): CodeIgniter\View\View->CodeIgniter\View\{closure}()
 5 SYSTEMPATH\Common.php(1180): CodeIgniter\View\View->render('home', [], true)
 6 APPPATH\Controllers\Pages.php(38): view('home', [...])
 7 SYSTEMPATH\CodeIgniter.php(932): App\Controllers\Pages->index()
 8 SYSTEMPATH\CodeIgniter.php(497): CodeIgniter\CodeIgniter->runController(Object(App\Controllers\Pages))
 9 SYSTEMPATH\CodeIgniter.php(366): CodeIgniter\CodeIgniter->handleRequest(null, Object(Config\Cache), false)
10 FCPATH\index.php(67): CodeIgniter\CodeIgniter->run()
11 SYSTEMPATH\Commands\Server\rewrite.php(47): require_once('C:\\Users\\ACER\\OneDrive\\Documents\\TA\\TA2\\pembukuan_keuangan\\public\\index.php')
INFO - 2024-05-12 08:57:59 --> Session: Class initialized using 'CodeIgniter\Session\Handlers\FileHandler' driver.
CRITICAL - 2024-05-12 08:57:59 --> include(templates.header.php): failed to open stream: No such file or directory
in APPPATH\Views\home.php on line 2.
 1 APPPATH\Views\home.php(2): CodeIgniter\Debug\Exceptions->errorHandler(2, 'include(templates.header.php): failed to open stream: No such file or directory', 'C:\\Users\\ACER\\OneDrive\\Documents\\TA\\TA2\\pembukuan_keuangan\\app\\Views\\home.php', 2, [...])
 2 APPPATH\Views\home.php(2): include()
 3 SYSTEMPATH\View\View.php(224): include('C:\\Users\\ACER\\OneDrive\\Documents\\TA\\TA2\\pembukuan_keuangan\\app\\Views\\home.php')
 4 SYSTEMPATH\View\View.php(227): CodeIgniter\View\View->CodeIgniter\View\{closure}()
 5 SYSTEMPATH\Common.php(1180): CodeIgniter\View\View->render('home', [], true)
 6 APPPATH\Controllers\Pages.php(38): view('home', [...])
 7 SYSTEMPATH\CodeIgniter.php(932): App\Controllers\Pages->index()
 8 SYSTEMPATH\CodeIgniter.php(497): CodeIgniter\CodeIgniter->runController(Object(App\Controllers\Pages))
 9 SYSTEMPATH\CodeIgniter.php(366): CodeIgniter\CodeIgniter->handleRequest(null, Object(Config\Cache), false)
10 FCPATH\index.php(67): CodeIgniter\CodeIgniter->run()
11 SYSTEMPATH\Commands\Server\rewrite.php(47): require_once('C:\\Users\\ACER\\OneDrive\\Documents\\TA\\TA2\\pembukuan_keuangan\\public\\index.php')
INFO - 2024-05-12 08:58:07 --> Session: Class initialized using 'CodeIgniter\Session\Handlers\FileHandler' driver.
CRITICAL - 2024-05-12 08:58:07 --> Undefined variable: link
in APPPATH\Views\templates\sidebar.php on line 33.
 1 APPPATH\Views\templates\sidebar.php(33): CodeIgniter\Debug\Exceptions->errorHandler(8, 'Undefined variable: link', 'C:\\Users\\ACER\\OneDrive\\Documents\\TA\\TA2\\pembukuan_keuangan\\app\\Views\\templates\\sidebar.php', 33, [...])
 2 APPPATH\Views\home.php(4): include('C:\\Users\\ACER\\OneDrive\\Documents\\TA\\TA2\\pembukuan_keuangan\\app\\Views\\templates\\sidebar.php')
 3 SYSTEMPATH\View\View.php(224): include('C:\\Users\\ACER\\OneDrive\\Documents\\TA\\TA2\\pembukuan_keuangan\\app\\Views\\home.php')
 4 SYSTEMPATH\View\View.php(227): CodeIgniter\View\View->CodeIgniter\View\{closure}()
 5 SYSTEMPATH\Common.php(1180): CodeIgniter\View\View->render('home', [], true)
 6 APPPATH\Controllers\Pages.php(38): view('home', [...])
 7 SYSTEMPATH\CodeIgniter.php(932): App\Controllers\Pages->index()
 8 SYSTEMPATH\CodeIgniter.php(497): CodeIgniter\CodeIgniter->runController(Object(App\Controllers\Pages))
 9 SYSTEMPATH\CodeIgniter.php(366): CodeIgniter\CodeIgniter->handleRequest(null, Object(Config\Cache), false)
10 FCPATH\index.php(67): CodeIgniter\CodeIgniter->run()
11 SYSTEMPATH\Commands\Server\rewrite.php(47): require_once('C:\\Users\\ACER\\OneDrive\\Documents\\TA\\TA2\\pembukuan_keuangan\\public\\index.php')
INFO - 2024-05-12 08:58:16 --> Session: Class initialized using 'CodeIgniter\Session\Handlers\FileHandler' driver.
CRITICAL - 2024-05-12 08:58:16 --> Undefined variable: link
in APPPATH\Views\templates\sidebar.php on line 33.
 1 APPPATH\Views\templates\sidebar.php(33): CodeIgniter\Debug\Exceptions->errorHandler(8, 'Undefined variable: link', 'C:\\Users\\ACER\\OneDrive\\Documents\\TA\\TA2\\pembukuan_keuangan\\app\\Views\\templates\\sidebar.php', 33, [...])
 2 APPPATH\Views\home.php(4): include('C:\\Users\\ACER\\OneDrive\\Documents\\TA\\TA2\\pembukuan_keuangan\\app\\Views\\templates\\sidebar.php')
 3 SYSTEMPATH\View\View.php(224): include('C:\\Users\\ACER\\OneDrive\\Documents\\TA\\TA2\\pembukuan_keuangan\\app\\Views\\home.php')
 4 SYSTEMPATH\View\View.php(227): CodeIgniter\View\View->CodeIgniter\View\{closure}()
 5 SYSTEMPATH\Common.php(1180): CodeIgniter\View\View->render('home', [], true)
 6 APPPATH\Controllers\Pages.php(38): view('home', [...])
 7 SYSTEMPATH\CodeIgniter.php(932): App\Controllers\Pages->index()
 8 SYSTEMPATH\CodeIgniter.php(497): CodeIgniter\CodeIgniter->runController(Object(App\Controllers\Pages))
 9 SYSTEMPATH\CodeIgniter.php(366): CodeIgniter\CodeIgniter->handleRequest(null, Object(Config\Cache), false)
10 FCPATH\index.php(67): CodeIgniter\CodeIgniter->run()
11 SYSTEMPATH\Commands\Server\rewrite.php(47): require_once('C:\\Users\\ACER\\OneDrive\\Documents\\TA\\TA2\\pembukuan_keuangan\\public\\index.php')
INFO - 2024-05-12 09:00:05 --> Session: Class initialized using 'CodeIgniter\Session\Handlers\FileHandler' driver.
INFO - 2024-05-12 09:00:32 --> Session: Class initialized using 'CodeIgniter\Session\Handlers\FileHandler' driver.
CRITICAL - 2024-05-12 09:00:32 --> Undefined variable: link
in APPPATH\Views\templates\app.php on line 149.
 1 APPPATH\Views\templates\app.php(149): CodeIgniter\Debug\Exceptions->errorHandler(8, 'Undefined variable: link', 'C:\\Users\\ACER\\OneDrive\\Documents\\TA\\TA2\\pembukuan_keuangan\\app\\Views\\templates\\app.php', 149, [...])
 2 SYSTEMPATH\View\View.php(224): include('C:\\Users\\ACER\\OneDrive\\Documents\\TA\\TA2\\pembukuan_keuangan\\app\\Views\\templates\\app.php')
 3 SYSTEMPATH\View\View.php(227): CodeIgniter\View\View->CodeIgniter\View\{closure}()
 4 SYSTEMPATH\View\View.php(240): CodeIgniter\View\View->render('templates/app', [], true)
 5 SYSTEMPATH\Common.php(1180): CodeIgniter\View\View->render('home', [], true)
 6 APPPATH\Controllers\Pages.php(38): view('home', [...])
 7 SYSTEMPATH\CodeIgniter.php(932): App\Controllers\Pages->index()
 8 SYSTEMPATH\CodeIgniter.php(497): CodeIgniter\CodeIgniter->runController(Object(App\Controllers\Pages))
 9 SYSTEMPATH\CodeIgniter.php(366): CodeIgniter\CodeIgniter->handleRequest(null, Object(Config\Cache), false)
10 FCPATH\index.php(67): CodeIgniter\CodeIgniter->run()
11 SYSTEMPATH\Commands\Server\rewrite.php(47): require_once('C:\\Users\\ACER\\OneDrive\\Documents\\TA\\TA2\\pembukuan_keuangan\\public\\index.php')
INFO - 2024-05-12 09:01:53 --> Session: Class initialized using 'CodeIgniter\Session\Handlers\FileHandler' driver.
CRITICAL - 2024-05-12 09:01:53 --> Undefined variable: link
in APPPATH\Views\templates\app.php on line 149.
 1 APPPATH\Views\templates\app.php(149): CodeIgniter\Debug\Exceptions->errorHandler(8, 'Undefined variable: link', 'C:\\Users\\ACER\\OneDrive\\Documents\\TA\\TA2\\pembukuan_keuangan\\app\\Views\\templates\\app.php', 149, [...])
 2 SYSTEMPATH\View\View.php(224): include('C:\\Users\\ACER\\OneDrive\\Documents\\TA\\TA2\\pembukuan_keuangan\\app\\Views\\templates\\app.php')
 3 SYSTEMPATH\View\View.php(227): CodeIgniter\View\View->CodeIgniter\View\{closure}()
 4 SYSTEMPATH\View\View.php(240): CodeIgniter\View\View->render('templates/app', [], true)
 5 SYSTEMPATH\Common.php(1180): CodeIgniter\View\View->render('home', [], true)
 6 APPPATH\Controllers\Pages.php(38): view('home', [...])
 7 SYSTEMPATH\CodeIgniter.php(932): App\Controllers\Pages->index()
 8 SYSTEMPATH\CodeIgniter.php(497): CodeIgniter\CodeIgniter->runController(Object(App\Controllers\Pages))
 9 SYSTEMPATH\CodeIgniter.php(366): CodeIgniter\CodeIgniter->handleRequest(null, Object(Config\Cache), false)
10 FCPATH\index.php(67): CodeIgniter\CodeIgniter->run()
11 SYSTEMPATH\Commands\Server\rewrite.php(47): require_once('C:\\Users\\ACER\\OneDrive\\Documents\\TA\\TA2\\pembukuan_keuangan\\public\\index.php')
INFO - 2024-05-12 09:02:09 --> Session: Class initialized using 'CodeIgniter\Session\Handlers\FileHandler' driver.
INFO - 2024-05-12 09:02:11 --> Session: Class initialized using 'CodeIgniter\Session\Handlers\FileHandler' driver.
INFO - 2024-05-12 09:02:12 --> Session: Class initialized using 'CodeIgniter\Session\Handlers\FileHandler' driver.
INFO - 2024-05-12 09:02:23 --> Session: Class initialized using 'CodeIgniter\Session\Handlers\FileHandler' driver.
ERROR - 2024-05-12 09:02:24 --> Error connecting to the database: Error: Class 'SQLite3' not found in C:\Users\ACER\OneDrive\Documents\TA\TA2\pembukuan_keuangan\vendor\codeigniter4\framework\system\Database\SQLite3\Connection.php:89
Stack trace:
#0 C:\Users\ACER\OneDrive\Documents\TA\TA2\pembukuan_keuangan\vendor\codeigniter4\framework\system\Database\BaseConnection.php(391): CodeIgniter\Database\SQLite3\Connection->connect(false)
#1 C:\Users\ACER\OneDrive\Documents\TA\TA2\pembukuan_keuangan\vendor\codeigniter4\framework\system\Database\SQLite3\Connection.php(59): CodeIgniter\Database\BaseConnection->initialize()
#2 C:\Users\ACER\OneDrive\Documents\TA\TA2\pembukuan_keuangan\vendor\codeigniter4\framework\system\Database\BaseConnection.php(574): CodeIgniter\Database\SQLite3\Connection->initialize()
#3 C:\Users\ACER\OneDrive\Documents\TA\TA2\pembukuan_keuangan\vendor\codeigniter4\framework\system\Database\BaseBuilder.php(1616): CodeIgniter\Database\BaseConnection->query('SELECT *\nFROM `...', Array, false)
#4 C:\Users\ACER\OneDrive\Documents\TA\TA2\pembukuan_keuangan\app\Controllers\Login.php(49): CodeIgniter\Database\BaseBuilder->get()
#5 C:\Users\ACER\OneDrive\Documents\TA\TA2\pembukuan_keuangan\vendor\codeigniter4\framework\system\CodeIgniter.php(932): App\Controllers\Login->proses()
#6 C:\Users\ACER\OneDrive\Documents\TA\TA2\pembukuan_keuangan\vendor\codeigniter4\framework\system\CodeIgniter.php(497): CodeIgniter\CodeIgniter->runController(Object(App\Controllers\Login))
#7 C:\Users\ACER\OneDrive\Documents\TA\TA2\pembukuan_keuangan\vendor\codeigniter4\framework\system\CodeIgniter.php(366): CodeIgniter\CodeIgniter->handleRequest(NULL, Object(Config\Cache), false)
#8 C:\Users\ACER\OneDrive\Documents\TA\TA2\pembukuan_keuangan\public\index.php(67): CodeIgniter\CodeIgniter->run()
#9 C:\Users\ACER\OneDrive\Documents\TA\TA2\pembukuan_keuangan\vendor\codeigniter4\framework\system\Commands\Server\rewrite.php(47): require_once('C:\\Users\\ACER\\O...')
#10 {main}
CRITICAL - 2024-05-12 09:02:24 --> Unable to connect to the database.
Main connection [SQLite3]: Class 'SQLite3' not found
in SYSTEMPATH\Database\BaseConnection.php on line 427.
 1 SYSTEMPATH\Database\SQLite3\Connection.php(59): CodeIgniter\Database\BaseConnection->initialize()
 2 SYSTEMPATH\Database\BaseConnection.php(574): CodeIgniter\Database\SQLite3\Connection->initialize()
 3 SYSTEMPATH\Database\BaseBuilder.php(1616): CodeIgniter\Database\BaseConnection->query('SELECT *
FROM `db_tb_user`
WHERE `username` = :username:', [...], false)
 4 APPPATH\Controllers\Login.php(49): CodeIgniter\Database\BaseBuilder->get()
 5 SYSTEMPATH\CodeIgniter.php(932): App\Controllers\Login->proses()
 6 SYSTEMPATH\CodeIgniter.php(497): CodeIgniter\CodeIgniter->runController(Object(App\Controllers\Login))
 7 SYSTEMPATH\CodeIgniter.php(366): CodeIgniter\CodeIgniter->handleRequest(null, Object(Config\Cache), false)
 8 FCPATH\index.php(67): CodeIgniter\CodeIgniter->run()
 9 SYSTEMPATH\Commands\Server\rewrite.php(47): require_once('C:\\Users\\ACER\\OneDrive\\Documents\\TA\\TA2\\pembukuan_keuangan\\public\\index.php')
INFO - 2024-05-12 09:02:58 --> Session: Class initialized using 'CodeIgniter\Session\Handlers\FileHandler' driver.
INFO - 2024-05-12 09:03:01 --> Session: Class initialized using 'CodeIgniter\Session\Handlers\FileHandler' driver.
CRITICAL - 2024-05-12 09:03:01 --> Undefined variable: link
in APPPATH\Views\templates\app.php on line 149.
 1 APPPATH\Views\templates\app.php(149): CodeIgniter\Debug\Exceptions->errorHandler(8, 'Undefined variable: link', 'C:\\Users\\ACER\\OneDrive\\Documents\\TA\\TA2\\pembukuan_keuangan\\app\\Views\\templates\\app.php', 149, [...])
 2 SYSTEMPATH\View\View.php(224): include('C:\\Users\\ACER\\OneDrive\\Documents\\TA\\TA2\\pembukuan_keuangan\\app\\Views\\templates\\app.php')
 3 SYSTEMPATH\View\View.php(227): CodeIgniter\View\View->CodeIgniter\View\{closure}()
 4 SYSTEMPATH\View\View.php(240): CodeIgniter\View\View->render('templates/app', [], true)
 5 SYSTEMPATH\Common.php(1180): CodeIgniter\View\View->render('home', [], true)
 6 APPPATH\Controllers\Pages.php(38): view('home', [...])
 7 SYSTEMPATH\CodeIgniter.php(932): App\Controllers\Pages->index()
 8 SYSTEMPATH\CodeIgniter.php(497): CodeIgniter\CodeIgniter->runController(Object(App\Controllers\Pages))
 9 SYSTEMPATH\CodeIgniter.php(366): CodeIgniter\CodeIgniter->handleRequest(null, Object(Config\Cache), false)
10 FCPATH\index.php(67): CodeIgniter\CodeIgniter->run()
11 SYSTEMPATH\Commands\Server\rewrite.php(47): require_once('C:\\Users\\ACER\\OneDrive\\Documents\\TA\\TA2\\pembukuan_keuangan\\public\\index.php')
INFO - 2024-05-12 09:03:44 --> Session: Class initialized using 'CodeIgniter\Session\Handlers\FileHandler' driver.
INFO - 2024-05-12 09:04:26 --> Session: Class initialized using 'CodeIgniter\Session\Handlers\FileHandler' driver.
CRITICAL - 2024-05-12 09:04:26 --> Undefined variable: link
in APPPATH\Views\templates\app.php on line 117.
 1 APPPATH\Views\templates\app.php(117): CodeIgniter\Debug\Exceptions->errorHandler(8, 'Undefined variable: link', 'C:\\Users\\ACER\\OneDrive\\Documents\\TA\\TA2\\pembukuan_keuangan\\app\\Views\\templates\\app.php', 117, [...])
 2 SYSTEMPATH\View\View.php(224): include('C:\\Users\\ACER\\OneDrive\\Documents\\TA\\TA2\\pembukuan_keuangan\\app\\Views\\templates\\app.php')
 3 SYSTEMPATH\View\View.php(227): CodeIgniter\View\View->CodeIgniter\View\{closure}()
 4 SYSTEMPATH\View\View.php(240): CodeIgniter\View\View->render('templates/app', [], true)
 5 SYSTEMPATH\Common.php(1180): CodeIgniter\View\View->render('home', [], true)
 6 APPPATH\Controllers\Pages.php(38): view('home', [...])
 7 SYSTEMPATH\CodeIgniter.php(932): App\Controllers\Pages->index()
 8 SYSTEMPATH\CodeIgniter.php(497): CodeIgniter\CodeIgniter->runController(Object(App\Controllers\Pages))
 9 SYSTEMPATH\CodeIgniter.php(366): CodeIgniter\CodeIgniter->handleRequest(null, Object(Config\Cache), false)
10 FCPATH\index.php(67): CodeIgniter\CodeIgniter->run()
11 SYSTEMPATH\Commands\Server\rewrite.php(47): require_once('C:\\Users\\ACER\\OneDrive\\Documents\\TA\\TA2\\pembukuan_keuangan\\public\\index.php')
INFO - 2024-05-12 09:04:48 --> Session: Class initialized using 'CodeIgniter\Session\Handlers\FileHandler' driver.
INFO - 2024-05-12 09:06:01 --> Session: Class initialized using 'CodeIgniter\Session\Handlers\FileHandler' driver.
CRITICAL - 2024-05-12 09:06:01 --> Invalid file: "app/home.php"
in SYSTEMPATH\Exceptions\FrameworkException.php on line 33.
 1 SYSTEMPATH\View\View.php(212): CodeIgniter\Exceptions\FrameworkException::forInvalidFile('app/home.php')
 2 SYSTEMPATH\Common.php(1180): CodeIgniter\View\View->render('app/home', [], true)
 3 APPPATH\Controllers\Pages.php(38): view('app/home', [...])
 4 SYSTEMPATH\CodeIgniter.php(932): App\Controllers\Pages->index()
 5 SYSTEMPATH\CodeIgniter.php(497): CodeIgniter\CodeIgniter->runController(Object(App\Controllers\Pages))
 6 SYSTEMPATH\CodeIgniter.php(366): CodeIgniter\CodeIgniter->handleRequest(null, Object(Config\Cache), false)
 7 FCPATH\index.php(67): CodeIgniter\CodeIgniter->run()
 8 SYSTEMPATH\Commands\Server\rewrite.php(47): require_once('C:\\Users\\ACER\\OneDrive\\Documents\\TA\\TA2\\pembukuan_keuangan\\public\\index.php')
INFO - 2024-05-12 09:06:24 --> Session: Class initialized using 'CodeIgniter\Session\Handlers\FileHandler' driver.
CRITICAL - 2024-05-12 09:06:24 --> Undefined variable: link
in APPPATH\Views\templates\app.php on line 149.
 1 APPPATH\Views\templates\app.php(149): CodeIgniter\Debug\Exceptions->errorHandler(8, 'Undefined variable: link', 'C:\\Users\\ACER\\OneDrive\\Documents\\TA\\TA2\\pembukuan_keuangan\\app\\Views\\templates\\app.php', 149, [...])
 2 SYSTEMPATH\View\View.php(224): include('C:\\Users\\ACER\\OneDrive\\Documents\\TA\\TA2\\pembukuan_keuangan\\app\\Views\\templates\\app.php')
 3 SYSTEMPATH\View\View.php(227): CodeIgniter\View\View->CodeIgniter\View\{closure}()
 4 SYSTEMPATH\View\View.php(240): CodeIgniter\View\View->render('templates/app', [], true)
 5 SYSTEMPATH\Common.php(1180): CodeIgniter\View\View->render('home', [], true)
 6 APPPATH\Controllers\Pages.php(38): view('home', [...])
 7 SYSTEMPATH\CodeIgniter.php(932): App\Controllers\Pages->index()
 8 SYSTEMPATH\CodeIgniter.php(497): CodeIgniter\CodeIgniter->runController(Object(App\Controllers\Pages))
 9 SYSTEMPATH\CodeIgniter.php(366): CodeIgniter\CodeIgniter->handleRequest(null, Object(Config\Cache), false)
10 FCPATH\index.php(67): CodeIgniter\CodeIgniter->run()
11 SYSTEMPATH\Commands\Server\rewrite.php(47): require_once('C:\\Users\\ACER\\OneDrive\\Documents\\TA\\TA2\\pembukuan_keuangan\\public\\index.php')
INFO - 2024-05-12 09:08:50 --> Session: Class initialized using 'CodeIgniter\Session\Handlers\FileHandler' driver.
INFO - 2024-05-12 09:11:26 --> Session: Class initialized using 'CodeIgniter\Session\Handlers\FileHandler' driver.
INFO - 2024-05-12 09:13:29 --> Session: Class initialized using 'CodeIgniter\Session\Handlers\FileHandler' driver.
INFO - 2024-05-12 09:14:40 --> Session: Class initialized using 'CodeIgniter\Session\Handlers\FileHandler' driver.
INFO - 2024-05-12 09:16:06 --> Session: Class initialized using 'CodeIgniter\Session\Handlers\FileHandler' driver.
CRITICAL - 2024-05-12 09:16:06 --> Array to string conversion
in APPPATH\Views\home.php on line 76.
 1 APPPATH\Views\home.php(76): CodeIgniter\Debug\Exceptions->errorHandler(8, 'Array to string conversion', 'C:\\Users\\ACER\\OneDrive\\Documents\\TA\\TA2\\pembukuan_keuangan\\app\\Views\\home.php', 76, [...])
 2 SYSTEMPATH\View\View.php(224): include('C:\\Users\\ACER\\OneDrive\\Documents\\TA\\TA2\\pembukuan_keuangan\\app\\Views\\home.php')
 3 SYSTEMPATH\View\View.php(227): CodeIgniter\View\View->CodeIgniter\View\{closure}()
 4 SYSTEMPATH\Common.php(1180): CodeIgniter\View\View->render('home', [], true)
 5 APPPATH\Views\templates\content.php(5): view('home')
 6 SYSTEMPATH\View\View.php(224): include('C:\\Users\\ACER\\OneDrive\\Documents\\TA\\TA2\\pembukuan_keuangan\\app\\Views\\templates\\content.php')
 7 SYSTEMPATH\View\View.php(227): CodeIgniter\View\View->CodeIgniter\View\{closure}()
 8 SYSTEMPATH\Common.php(1180): CodeIgniter\View\View->render('templates/content', [], true)
 9 APPPATH\Controllers\Pages.php(52): view('templates/content', [...])
10 SYSTEMPATH\CodeIgniter.php(932): App\Controllers\Pages->index()
11 SYSTEMPATH\CodeIgniter.php(497): CodeIgniter\CodeIgniter->runController(Object(App\Controllers\Pages))
12 SYSTEMPATH\CodeIgniter.php(366): CodeIgniter\CodeIgniter->handleRequest(null, Object(Config\Cache), false)
13 FCPATH\index.php(67): CodeIgniter\CodeIgniter->run()
14 SYSTEMPATH\Commands\Server\rewrite.php(47): require_once('C:\\Users\\ACER\\OneDrive\\Documents\\TA\\TA2\\pembukuan_keuangan\\public\\index.php')
INFO - 2024-05-12 09:17:29 --> Session: Class initialized using 'CodeIgniter\Session\Handlers\FileHandler' driver.
INFO - 2024-05-12 09:17:51 --> Session: Class initialized using 'CodeIgniter\Session\Handlers\FileHandler' driver.
INFO - 2024-05-12 09:18:44 --> Session: Class initialized using 'CodeIgniter\Session\Handlers\FileHandler' driver.
INFO - 2024-05-12 09:20:42 --> Session: Class initialized using 'CodeIgniter\Session\Handlers\FileHandler' driver.
INFO - 2024-05-12 09:21:00 --> Session: Class initialized using 'CodeIgniter\Session\Handlers\FileHandler' driver.
CRITICAL - 2024-05-12 09:21:00 --> Undefined variable: Pengeluaran
in APPPATH\Views\home.php on line 77.
 1 APPPATH\Views\home.php(77): CodeIgniter\Debug\Exceptions->errorHandler(8, 'Undefined variable: Pengeluaran', 'C:\\Users\\ACER\\OneDrive\\Documents\\TA\\TA2\\pembukuan_keuangan\\app\\Views\\home.php', 77, [...])
 2 SYSTEMPATH\View\View.php(224): include('C:\\Users\\ACER\\OneDrive\\Documents\\TA\\TA2\\pembukuan_keuangan\\app\\Views\\home.php')
 3 SYSTEMPATH\View\View.php(227): CodeIgniter\View\View->CodeIgniter\View\{closure}()
 4 SYSTEMPATH\Common.php(1180): CodeIgniter\View\View->render('home', [], true)
 5 APPPATH\Views\templates\content.php(5): view('home')
 6 SYSTEMPATH\View\View.php(224): include('C:\\Users\\ACER\\OneDrive\\Documents\\TA\\TA2\\pembukuan_keuangan\\app\\Views\\templates\\content.php')
 7 SYSTEMPATH\View\View.php(227): CodeIgniter\View\View->CodeIgniter\View\{closure}()
 8 SYSTEMPATH\Common.php(1180): CodeIgniter\View\View->render('templates/content', [], true)
 9 APPPATH\Controllers\Pages.php(52): view('templates/content', [...])
10 SYSTEMPATH\CodeIgniter.php(932): App\Controllers\Pages->index()
11 SYSTEMPATH\CodeIgniter.php(497): CodeIgniter\CodeIgniter->runController(Object(App\Controllers\Pages))
12 SYSTEMPATH\CodeIgniter.php(366): CodeIgniter\CodeIgniter->handleRequest(null, Object(Config\Cache), false)
13 FCPATH\index.php(67): CodeIgniter\CodeIgniter->run()
14 SYSTEMPATH\Commands\Server\rewrite.php(47): require_once('C:\\Users\\ACER\\OneDrive\\Documents\\TA\\TA2\\pembukuan_keuangan\\public\\index.php')
INFO - 2024-05-12 09:21:33 --> Session: Class initialized using 'CodeIgniter\Session\Handlers\FileHandler' driver.
INFO - 2024-05-12 09:26:02 --> Session: Class initialized using 'CodeIgniter\Session\Handlers\FileHandler' driver.
INFO - 2024-05-12 09:27:26 --> Session: Class initialized using 'CodeIgniter\Session\Handlers\FileHandler' driver.
INFO - 2024-05-12 09:27:49 --> Session: Class initialized using 'CodeIgniter\Session\Handlers\FileHandler' driver.
INFO - 2024-05-12 09:28:19 --> Session: Class initialized using 'CodeIgniter\Session\Handlers\FileHandler' driver.
INFO - 2024-05-12 09:30:03 --> Session: Class initialized using 'CodeIgniter\Session\Handlers\FileHandler' driver.
INFO - 2024-05-12 09:32:35 --> Session: Class initialized using 'CodeIgniter\Session\Handlers\FileHandler' driver.
INFO - 2024-05-12 09:32:49 --> Session: Class initialized using 'CodeIgniter\Session\Handlers\FileHandler' driver.
INFO - 2024-05-12 09:32:56 --> Session: Class initialized using 'CodeIgniter\Session\Handlers\FileHandler' driver.
INFO - 2024-05-12 09:37:57 --> Session: Class initialized using 'CodeIgniter\Session\Handlers\FileHandler' driver.
INFO - 2024-05-12 09:39:01 --> Session: Class initialized using 'CodeIgniter\Session\Handlers\FileHandler' driver.
INFO - 2024-05-12 09:39:57 --> Session: Class initialized using 'CodeIgniter\Session\Handlers\FileHandler' driver.
INFO - 2024-05-12 09:40:46 --> Session: Class initialized using 'CodeIgniter\Session\Handlers\FileHandler' driver.
INFO - 2024-05-12 09:41:45 --> Session: Class initialized using 'CodeIgniter\Session\Handlers\FileHandler' driver.
INFO - 2024-05-12 09:42:26 --> Session: Class initialized using 'CodeIgniter\Session\Handlers\FileHandler' driver.
INFO - 2024-05-12 09:42:49 --> Session: Class initialized using 'CodeIgniter\Session\Handlers\FileHandler' driver.
INFO - 2024-05-12 09:43:42 --> Session: Class initialized using 'CodeIgniter\Session\Handlers\FileHandler' driver.
INFO - 2024-05-12 09:45:55 --> Session: Class initialized using 'CodeIgniter\Session\Handlers\FileHandler' driver.
INFO - 2024-05-12 09:47:52 --> Session: Class initialized using 'CodeIgniter\Session\Handlers\FileHandler' driver.
INFO - 2024-05-12 09:51:48 --> Session: Class initialized using 'CodeIgniter\Session\Handlers\FileHandler' driver.
INFO - 2024-05-12 09:52:39 --> Session: Class initialized using 'CodeIgniter\Session\Handlers\FileHandler' driver.
INFO - 2024-05-12 09:57:16 --> Session: Class initialized using 'CodeIgniter\Session\Handlers\FileHandler' driver.
INFO - 2024-05-12 09:58:49 --> Session: Class initialized using 'CodeIgniter\Session\Handlers\FileHandler' driver.
INFO - 2024-05-12 10:00:07 --> Session: Class initialized using 'CodeIgniter\Session\Handlers\FileHandler' driver.
INFO - 2024-05-12 10:00:39 --> Session: Class initialized using 'CodeIgniter\Session\Handlers\FileHandler' driver.
INFO - 2024-05-12 10:01:03 --> Session: Class initialized using 'CodeIgniter\Session\Handlers\FileHandler' driver.
INFO - 2024-05-12 10:01:55 --> Session: Class initialized using 'CodeIgniter\Session\Handlers\FileHandler' driver.
INFO - 2024-05-12 10:02:29 --> Session: Class initialized using 'CodeIgniter\Session\Handlers\FileHandler' driver.
INFO - 2024-05-12 10:04:52 --> Session: Class initialized using 'CodeIgniter\Session\Handlers\FileHandler' driver.
INFO - 2024-05-12 10:05:07 --> Session: Class initialized using 'CodeIgniter\Session\Handlers\FileHandler' driver.
INFO - 2024-05-12 10:05:43 --> Session: Class initialized using 'CodeIgniter\Session\Handlers\FileHandler' driver.
INFO - 2024-05-12 10:06:08 --> Session: Class initialized using 'CodeIgniter\Session\Handlers\FileHandler' driver.
INFO - 2024-05-12 10:06:18 --> Session: Class initialized using 'CodeIgniter\Session\Handlers\FileHandler' driver.
INFO - 2024-05-12 10:07:23 --> Session: Class initialized using 'CodeIgniter\Session\Handlers\FileHandler' driver.
INFO - 2024-05-12 10:07:42 --> Session: Class initialized using 'CodeIgniter\Session\Handlers\FileHandler' driver.
INFO - 2024-05-12 10:08:27 --> Session: Class initialized using 'CodeIgniter\Session\Handlers\FileHandler' driver.
INFO - 2024-05-12 10:08:53 --> Session: Class initialized using 'CodeIgniter\Session\Handlers\FileHandler' driver.
INFO - 2024-05-12 10:10:39 --> Session: Class initialized using 'CodeIgniter\Session\Handlers\FileHandler' driver.
INFO - 2024-05-12 10:54:38 --> Session: Class initialized using 'CodeIgniter\Session\Handlers\FileHandler' driver.
INFO - 2024-05-12 10:54:41 --> Session: Class initialized using 'CodeIgniter\Session\Handlers\FileHandler' driver.
INFO - 2024-05-12 10:54:50 --> Session: Class initialized using 'CodeIgniter\Session\Handlers\FileHandler' driver.
INFO - 2024-05-12 10:54:56 --> Session: Class initialized using 'CodeIgniter\Session\Handlers\FileHandler' driver.
INFO - 2024-05-12 10:57:56 --> Session: Class initialized using 'CodeIgniter\Session\Handlers\FileHandler' driver.
INFO - 2024-05-12 10:57:58 --> Session: Class initialized using 'CodeIgniter\Session\Handlers\FileHandler' driver.
