INFO - 2024-07-02 05:35:47 --> Session: Class initialized using 'CodeIgniter\Session\Handlers\FileHandler' driver.
INFO - 2024-07-02 05:35:56 --> Session: Class initialized using 'CodeIgniter\Session\Handlers\FileHandler' driver.
ERROR - 2024-07-02 05:36:00 --> Error connecting to the database: mysqli_sql_exception: No connection could be made because the target machine actively refused it.
 in C:\Users\ACER\OneDrive\Documents\TA\TA2\revisi\asa_pembukuan_keuangan\vendor\codeigniter4\framework\system\Database\MySQLi\Connection.php:174
Stack trace:
#0 C:\Users\ACER\OneDrive\Documents\TA\TA2\revisi\asa_pembukuan_keuangan\vendor\codeigniter4\framework\system\Database\MySQLi\Connection.php(174): mysqli->real_connect('localhost', 'root', 'lupaLagi', 'ta_dina_pembuku...', 3306, '', 0)
#1 C:\Users\ACER\OneDrive\Documents\TA\TA2\revisi\asa_pembukuan_keuangan\vendor\codeigniter4\framework\system\Database\BaseConnection.php(391): CodeIgniter\Database\MySQLi\Connection->connect(false)
#2 C:\Users\ACER\OneDrive\Documents\TA\TA2\revisi\asa_pembukuan_keuangan\vendor\codeigniter4\framework\system\Database\BaseConnection.php(574): CodeIgniter\Database\BaseConnection->initialize()
#3 C:\Users\ACER\OneDrive\Documents\TA\TA2\revisi\asa_pembukuan_keuangan\vendor\codeigniter4\framework\system\Database\BaseBuilder.php(1616): CodeIgniter\Database\BaseConnection->query('SELECT *\nFROM `...', Array, false)
#4 C:\Users\ACER\OneDrive\Documents\TA\TA2\revisi\asa_pembukuan_keuangan\app\Controllers\Login.php(49): CodeIgniter\Database\BaseBuilder->get()
#5 C:\Users\ACER\OneDrive\Documents\TA\TA2\revisi\asa_pembukuan_keuangan\vendor\codeigniter4\framework\system\CodeIgniter.php(932): App\Controllers\Login->proses()
#6 C:\Users\ACER\OneDrive\Documents\TA\TA2\revisi\asa_pembukuan_keuangan\vendor\codeigniter4\framework\system\CodeIgniter.php(497): CodeIgniter\CodeIgniter->runController(Object(App\Controllers\Login))
#7 C:\Users\ACER\OneDrive\Documents\TA\TA2\revisi\asa_pembukuan_keuangan\vendor\codeigniter4\framework\system\CodeIgniter.php(366): CodeIgniter\CodeIgniter->handleRequest(NULL, Object(Config\Cache), false)
#8 C:\Users\ACER\OneDrive\Documents\TA\TA2\revisi\asa_pembukuan_keuangan\public\index.php(67): CodeIgniter\CodeIgniter->run()
#9 C:\Users\ACER\OneDrive\Documents\TA\TA2\revisi\asa_pembukuan_keuangan\vendor\codeigniter4\framework\system\Commands\Server\rewrite.php(47): require_once('C:\\Users\\ACER\\O...')
#10 {main}

Next CodeIgniter\Database\Exceptions\DatabaseException: No connection could be made because the target machine actively refused it.
 in C:\Users\ACER\OneDrive\Documents\TA\TA2\revisi\asa_pembukuan_keuangan\vendor\codeigniter4\framework\system\Database\MySQLi\Connection.php:218
Stack trace:
#0 C:\Users\ACER\OneDrive\Documents\TA\TA2\revisi\asa_pembukuan_keuangan\vendor\codeigniter4\framework\system\Database\BaseConnection.php(391): CodeIgniter\Database\MySQLi\Connection->connect(false)
#1 C:\Users\ACER\OneDrive\Documents\TA\TA2\revisi\asa_pembukuan_keuangan\vendor\codeigniter4\framework\system\Database\BaseConnection.php(574): CodeIgniter\Database\BaseConnection->initialize()
#2 C:\Users\ACER\OneDrive\Documents\TA\TA2\revisi\asa_pembukuan_keuangan\vendor\codeigniter4\framework\system\Database\BaseBuilder.php(1616): CodeIgniter\Database\BaseConnection->query('SELECT *\nFROM `...', Array, false)
#3 C:\Users\ACER\OneDrive\Documents\TA\TA2\revisi\asa_pembukuan_keuangan\app\Controllers\Login.php(49): CodeIgniter\Database\BaseBuilder->get()
#4 C:\Users\ACER\OneDrive\Documents\TA\TA2\revisi\asa_pembukuan_keuangan\vendor\codeigniter4\framework\system\CodeIgniter.php(932): App\Controllers\Login->proses()
#5 C:\Users\ACER\OneDrive\Documents\TA\TA2\revisi\asa_pembukuan_keuangan\vendor\codeigniter4\framework\system\CodeIgniter.php(497): CodeIgniter\CodeIgniter->runController(Object(App\Controllers\Login))
#6 C:\Users\ACER\OneDrive\Documents\TA\TA2\revisi\asa_pembukuan_keuangan\vendor\codeigniter4\framework\system\CodeIgniter.php(366): CodeIgniter\CodeIgniter->handleRequest(NULL, Object(Config\Cache), false)
#7 C:\Users\ACER\OneDrive\Documents\TA\TA2\revisi\asa_pembukuan_keuangan\public\index.php(67): CodeIgniter\CodeIgniter->run()
#8 C:\Users\ACER\OneDrive\Documents\TA\TA2\revisi\asa_pembukuan_keuangan\vendor\codeigniter4\framework\system\Commands\Server\rewrite.php(47): require_once('C:\\Users\\ACER\\O...')
#9 {main}
CRITICAL - 2024-07-02 05:36:00 --> Unable to connect to the database.
Main connection [MySQLi]: No connection could be made because the target machine actively refused it.

in SYSTEMPATH\Database\BaseConnection.php on line 427.
 1 SYSTEMPATH\Database\BaseConnection.php(574): CodeIgniter\Database\BaseConnection->initialize()
 2 SYSTEMPATH\Database\BaseBuilder.php(1616): CodeIgniter\Database\BaseConnection->query('SELECT *
FROM `tb_user`
WHERE `username` = :username:', [...], false)
 3 APPPATH\Controllers\Login.php(49): CodeIgniter\Database\BaseBuilder->get()
 4 SYSTEMPATH\CodeIgniter.php(932): App\Controllers\Login->proses()
 5 SYSTEMPATH\CodeIgniter.php(497): CodeIgniter\CodeIgniter->runController(Object(App\Controllers\Login))
 6 SYSTEMPATH\CodeIgniter.php(366): CodeIgniter\CodeIgniter->handleRequest(null, Object(Config\Cache), false)
 7 FCPATH\index.php(67): CodeIgniter\CodeIgniter->run()
 8 SYSTEMPATH\Commands\Server\rewrite.php(47): require_once('C:\\Users\\ACER\\OneDrive\\Documents\\TA\\TA2\\revisi\\asa_pembukuan_keuangan\\public\\index.php')
INFO - 2024-07-02 05:36:28 --> Session: Class initialized using 'CodeIgniter\Session\Handlers\FileHandler' driver.
ERROR - 2024-07-02 05:36:28 --> Error connecting to the database: mysqli_sql_exception: Access denied for user 'root'@'localhost' (using password: YES) in C:\Users\ACER\OneDrive\Documents\TA\TA2\revisi\asa_pembukuan_keuangan\vendor\codeigniter4\framework\system\Database\MySQLi\Connection.php:174
Stack trace:
#0 C:\Users\ACER\OneDrive\Documents\TA\TA2\revisi\asa_pembukuan_keuangan\vendor\codeigniter4\framework\system\Database\MySQLi\Connection.php(174): mysqli->real_connect('localhost', 'root', 'lupaLagi', 'ta_dina_pembuku...', 3306, '', 0)
#1 C:\Users\ACER\OneDrive\Documents\TA\TA2\revisi\asa_pembukuan_keuangan\vendor\codeigniter4\framework\system\Database\BaseConnection.php(391): CodeIgniter\Database\MySQLi\Connection->connect(false)
#2 C:\Users\ACER\OneDrive\Documents\TA\TA2\revisi\asa_pembukuan_keuangan\vendor\codeigniter4\framework\system\Database\BaseConnection.php(574): CodeIgniter\Database\BaseConnection->initialize()
#3 C:\Users\ACER\OneDrive\Documents\TA\TA2\revisi\asa_pembukuan_keuangan\vendor\codeigniter4\framework\system\Database\BaseBuilder.php(1616): CodeIgniter\Database\BaseConnection->query('SELECT *\nFROM `...', Array, false)
#4 C:\Users\ACER\OneDrive\Documents\TA\TA2\revisi\asa_pembukuan_keuangan\app\Controllers\Login.php(49): CodeIgniter\Database\BaseBuilder->get()
#5 C:\Users\ACER\OneDrive\Documents\TA\TA2\revisi\asa_pembukuan_keuangan\vendor\codeigniter4\framework\system\CodeIgniter.php(932): App\Controllers\Login->proses()
#6 C:\Users\ACER\OneDrive\Documents\TA\TA2\revisi\asa_pembukuan_keuangan\vendor\codeigniter4\framework\system\CodeIgniter.php(497): CodeIgniter\CodeIgniter->runController(Object(App\Controllers\Login))
#7 C:\Users\ACER\OneDrive\Documents\TA\TA2\revisi\asa_pembukuan_keuangan\vendor\codeigniter4\framework\system\CodeIgniter.php(366): CodeIgniter\CodeIgniter->handleRequest(NULL, Object(Config\Cache), false)
#8 C:\Users\ACER\OneDrive\Documents\TA\TA2\revisi\asa_pembukuan_keuangan\public\index.php(67): CodeIgniter\CodeIgniter->run()
#9 C:\Users\ACER\OneDrive\Documents\TA\TA2\revisi\asa_pembukuan_keuangan\vendor\codeigniter4\framework\system\Commands\Server\rewrite.php(47): require_once('C:\\Users\\ACER\\O...')
#10 {main}

Next CodeIgniter\Database\Exceptions\DatabaseException: Access denied for user '****'@'localhost' (using password: YES) in C:\Users\ACER\OneDrive\Documents\TA\TA2\revisi\asa_pembukuan_keuangan\vendor\codeigniter4\framework\system\Database\MySQLi\Connection.php:218
Stack trace:
#0 C:\Users\ACER\OneDrive\Documents\TA\TA2\revisi\asa_pembukuan_keuangan\vendor\codeigniter4\framework\system\Database\BaseConnection.php(391): CodeIgniter\Database\MySQLi\Connection->connect(false)
#1 C:\Users\ACER\OneDrive\Documents\TA\TA2\revisi\asa_pembukuan_keuangan\vendor\codeigniter4\framework\system\Database\BaseConnection.php(574): CodeIgniter\Database\BaseConnection->initialize()
#2 C:\Users\ACER\OneDrive\Documents\TA\TA2\revisi\asa_pembukuan_keuangan\vendor\codeigniter4\framework\system\Database\BaseBuilder.php(1616): CodeIgniter\Database\BaseConnection->query('SELECT *\nFROM `...', Array, false)
#3 C:\Users\ACER\OneDrive\Documents\TA\TA2\revisi\asa_pembukuan_keuangan\app\Controllers\Login.php(49): CodeIgniter\Database\BaseBuilder->get()
#4 C:\Users\ACER\OneDrive\Documents\TA\TA2\revisi\asa_pembukuan_keuangan\vendor\codeigniter4\framework\system\CodeIgniter.php(932): App\Controllers\Login->proses()
#5 C:\Users\ACER\OneDrive\Documents\TA\TA2\revisi\asa_pembukuan_keuangan\vendor\codeigniter4\framework\system\CodeIgniter.php(497): CodeIgniter\CodeIgniter->runController(Object(App\Controllers\Login))
#6 C:\Users\ACER\OneDrive\Documents\TA\TA2\revisi\asa_pembukuan_keuangan\vendor\codeigniter4\framework\system\CodeIgniter.php(366): CodeIgniter\CodeIgniter->handleRequest(NULL, Object(Config\Cache), false)
#7 C:\Users\ACER\OneDrive\Documents\TA\TA2\revisi\asa_pembukuan_keuangan\public\index.php(67): CodeIgniter\CodeIgniter->run()
#8 C:\Users\ACER\OneDrive\Documents\TA\TA2\revisi\asa_pembukuan_keuangan\vendor\codeigniter4\framework\system\Commands\Server\rewrite.php(47): require_once('C:\\Users\\ACER\\O...')
#9 {main}
CRITICAL - 2024-07-02 05:36:28 --> Unable to connect to the database.
Main connection [MySQLi]: Access denied for user '****'@'localhost' (using password: YES)
in SYSTEMPATH\Database\BaseConnection.php on line 427.
 1 SYSTEMPATH\Database\BaseConnection.php(574): CodeIgniter\Database\BaseConnection->initialize()
 2 SYSTEMPATH\Database\BaseBuilder.php(1616): CodeIgniter\Database\BaseConnection->query('SELECT *
FROM `tb_user`
WHERE `username` = :username:', [...], false)
 3 APPPATH\Controllers\Login.php(49): CodeIgniter\Database\BaseBuilder->get()
 4 SYSTEMPATH\CodeIgniter.php(932): App\Controllers\Login->proses()
 5 SYSTEMPATH\CodeIgniter.php(497): CodeIgniter\CodeIgniter->runController(Object(App\Controllers\Login))
 6 SYSTEMPATH\CodeIgniter.php(366): CodeIgniter\CodeIgniter->handleRequest(null, Object(Config\Cache), false)
 7 FCPATH\index.php(67): CodeIgniter\CodeIgniter->run()
 8 SYSTEMPATH\Commands\Server\rewrite.php(47): require_once('C:\\Users\\ACER\\OneDrive\\Documents\\TA\\TA2\\revisi\\asa_pembukuan_keuangan\\public\\index.php')
INFO - 2024-07-02 05:37:03 --> Session: Class initialized using 'CodeIgniter\Session\Handlers\FileHandler' driver.
INFO - 2024-07-02 05:37:10 --> Session: Class initialized using 'CodeIgniter\Session\Handlers\FileHandler' driver.
ERROR - 2024-07-02 05:37:10 --> Error connecting to the database: mysqli_sql_exception: Access denied for user 'root'@'localhost' (using password: YES) in C:\Users\ACER\OneDrive\Documents\TA\TA2\revisi\asa_pembukuan_keuangan\vendor\codeigniter4\framework\system\Database\MySQLi\Connection.php:174
Stack trace:
#0 C:\Users\ACER\OneDrive\Documents\TA\TA2\revisi\asa_pembukuan_keuangan\vendor\codeigniter4\framework\system\Database\MySQLi\Connection.php(174): mysqli->real_connect('localhost', 'root', 'lupaLagi', 'ta_dina_pembuku...', 3306, '', 0)
#1 C:\Users\ACER\OneDrive\Documents\TA\TA2\revisi\asa_pembukuan_keuangan\vendor\codeigniter4\framework\system\Database\BaseConnection.php(391): CodeIgniter\Database\MySQLi\Connection->connect(false)
#2 C:\Users\ACER\OneDrive\Documents\TA\TA2\revisi\asa_pembukuan_keuangan\vendor\codeigniter4\framework\system\Database\BaseConnection.php(574): CodeIgniter\Database\BaseConnection->initialize()
#3 C:\Users\ACER\OneDrive\Documents\TA\TA2\revisi\asa_pembukuan_keuangan\vendor\codeigniter4\framework\system\Database\BaseBuilder.php(1616): CodeIgniter\Database\BaseConnection->query('SELECT *\nFROM `...', Array, false)
#4 C:\Users\ACER\OneDrive\Documents\TA\TA2\revisi\asa_pembukuan_keuangan\app\Controllers\Login.php(49): CodeIgniter\Database\BaseBuilder->get()
#5 C:\Users\ACER\OneDrive\Documents\TA\TA2\revisi\asa_pembukuan_keuangan\vendor\codeigniter4\framework\system\CodeIgniter.php(932): App\Controllers\Login->proses()
#6 C:\Users\ACER\OneDrive\Documents\TA\TA2\revisi\asa_pembukuan_keuangan\vendor\codeigniter4\framework\system\CodeIgniter.php(497): CodeIgniter\CodeIgniter->runController(Object(App\Controllers\Login))
#7 C:\Users\ACER\OneDrive\Documents\TA\TA2\revisi\asa_pembukuan_keuangan\vendor\codeigniter4\framework\system\CodeIgniter.php(366): CodeIgniter\CodeIgniter->handleRequest(NULL, Object(Config\Cache), false)
#8 C:\Users\ACER\OneDrive\Documents\TA\TA2\revisi\asa_pembukuan_keuangan\public\index.php(67): CodeIgniter\CodeIgniter->run()
#9 C:\Users\ACER\OneDrive\Documents\TA\TA2\revisi\asa_pembukuan_keuangan\vendor\codeigniter4\framework\system\Commands\Server\rewrite.php(47): require_once('C:\\Users\\ACER\\O...')
#10 {main}

Next CodeIgniter\Database\Exceptions\DatabaseException: Access denied for user '****'@'localhost' (using password: YES) in C:\Users\ACER\OneDrive\Documents\TA\TA2\revisi\asa_pembukuan_keuangan\vendor\codeigniter4\framework\system\Database\MySQLi\Connection.php:218
Stack trace:
#0 C:\Users\ACER\OneDrive\Documents\TA\TA2\revisi\asa_pembukuan_keuangan\vendor\codeigniter4\framework\system\Database\BaseConnection.php(391): CodeIgniter\Database\MySQLi\Connection->connect(false)
#1 C:\Users\ACER\OneDrive\Documents\TA\TA2\revisi\asa_pembukuan_keuangan\vendor\codeigniter4\framework\system\Database\BaseConnection.php(574): CodeIgniter\Database\BaseConnection->initialize()
#2 C:\Users\ACER\OneDrive\Documents\TA\TA2\revisi\asa_pembukuan_keuangan\vendor\codeigniter4\framework\system\Database\BaseBuilder.php(1616): CodeIgniter\Database\BaseConnection->query('SELECT *\nFROM `...', Array, false)
#3 C:\Users\ACER\OneDrive\Documents\TA\TA2\revisi\asa_pembukuan_keuangan\app\Controllers\Login.php(49): CodeIgniter\Database\BaseBuilder->get()
#4 C:\Users\ACER\OneDrive\Documents\TA\TA2\revisi\asa_pembukuan_keuangan\vendor\codeigniter4\framework\system\CodeIgniter.php(932): App\Controllers\Login->proses()
#5 C:\Users\ACER\OneDrive\Documents\TA\TA2\revisi\asa_pembukuan_keuangan\vendor\codeigniter4\framework\system\CodeIgniter.php(497): CodeIgniter\CodeIgniter->runController(Object(App\Controllers\Login))
#6 C:\Users\ACER\OneDrive\Documents\TA\TA2\revisi\asa_pembukuan_keuangan\vendor\codeigniter4\framework\system\CodeIgniter.php(366): CodeIgniter\CodeIgniter->handleRequest(NULL, Object(Config\Cache), false)
#7 C:\Users\ACER\OneDrive\Documents\TA\TA2\revisi\asa_pembukuan_keuangan\public\index.php(67): CodeIgniter\CodeIgniter->run()
#8 C:\Users\ACER\OneDrive\Documents\TA\TA2\revisi\asa_pembukuan_keuangan\vendor\codeigniter4\framework\system\Commands\Server\rewrite.php(47): require_once('C:\\Users\\ACER\\O...')
#9 {main}
CRITICAL - 2024-07-02 05:37:10 --> Unable to connect to the database.
Main connection [MySQLi]: Access denied for user '****'@'localhost' (using password: YES)
in SYSTEMPATH\Database\BaseConnection.php on line 427.
 1 SYSTEMPATH\Database\BaseConnection.php(574): CodeIgniter\Database\BaseConnection->initialize()
 2 SYSTEMPATH\Database\BaseBuilder.php(1616): CodeIgniter\Database\BaseConnection->query('SELECT *
FROM `tb_user`
WHERE `username` = :username:', [...], false)
 3 APPPATH\Controllers\Login.php(49): CodeIgniter\Database\BaseBuilder->get()
 4 SYSTEMPATH\CodeIgniter.php(932): App\Controllers\Login->proses()
 5 SYSTEMPATH\CodeIgniter.php(497): CodeIgniter\CodeIgniter->runController(Object(App\Controllers\Login))
 6 SYSTEMPATH\CodeIgniter.php(366): CodeIgniter\CodeIgniter->handleRequest(null, Object(Config\Cache), false)
 7 FCPATH\index.php(67): CodeIgniter\CodeIgniter->run()
 8 SYSTEMPATH\Commands\Server\rewrite.php(47): require_once('C:\\Users\\ACER\\OneDrive\\Documents\\TA\\TA2\\revisi\\asa_pembukuan_keuangan\\public\\index.php')
INFO - 2024-07-02 05:41:28 --> Session: Class initialized using 'CodeIgniter\Session\Handlers\FileHandler' driver.
INFO - 2024-07-02 05:41:35 --> Session: Class initialized using 'CodeIgniter\Session\Handlers\FileHandler' driver.
ERROR - 2024-07-02 05:41:35 --> Error connecting to the database: mysqli_sql_exception: Access denied for user 'root'@'localhost' (using password: YES) in C:\Users\ACER\OneDrive\Documents\TA\TA2\revisi\asa_pembukuan_keuangan\vendor\codeigniter4\framework\system\Database\MySQLi\Connection.php:174
Stack trace:
#0 C:\Users\ACER\OneDrive\Documents\TA\TA2\revisi\asa_pembukuan_keuangan\vendor\codeigniter4\framework\system\Database\MySQLi\Connection.php(174): mysqli->real_connect('localhost', 'root', 'lupaLagi', 'ta_dina_pembuku...', 3306, '', 0)
#1 C:\Users\ACER\OneDrive\Documents\TA\TA2\revisi\asa_pembukuan_keuangan\vendor\codeigniter4\framework\system\Database\BaseConnection.php(391): CodeIgniter\Database\MySQLi\Connection->connect(false)
#2 C:\Users\ACER\OneDrive\Documents\TA\TA2\revisi\asa_pembukuan_keuangan\vendor\codeigniter4\framework\system\Database\BaseConnection.php(574): CodeIgniter\Database\BaseConnection->initialize()
#3 C:\Users\ACER\OneDrive\Documents\TA\TA2\revisi\asa_pembukuan_keuangan\vendor\codeigniter4\framework\system\Database\BaseBuilder.php(1616): CodeIgniter\Database\BaseConnection->query('SELECT *\nFROM `...', Array, false)
#4 C:\Users\ACER\OneDrive\Documents\TA\TA2\revisi\asa_pembukuan_keuangan\app\Controllers\Login.php(49): CodeIgniter\Database\BaseBuilder->get()
#5 C:\Users\ACER\OneDrive\Documents\TA\TA2\revisi\asa_pembukuan_keuangan\vendor\codeigniter4\framework\system\CodeIgniter.php(932): App\Controllers\Login->proses()
#6 C:\Users\ACER\OneDrive\Documents\TA\TA2\revisi\asa_pembukuan_keuangan\vendor\codeigniter4\framework\system\CodeIgniter.php(497): CodeIgniter\CodeIgniter->runController(Object(App\Controllers\Login))
#7 C:\Users\ACER\OneDrive\Documents\TA\TA2\revisi\asa_pembukuan_keuangan\vendor\codeigniter4\framework\system\CodeIgniter.php(366): CodeIgniter\CodeIgniter->handleRequest(NULL, Object(Config\Cache), false)
#8 C:\Users\ACER\OneDrive\Documents\TA\TA2\revisi\asa_pembukuan_keuangan\public\index.php(67): CodeIgniter\CodeIgniter->run()
#9 C:\Users\ACER\OneDrive\Documents\TA\TA2\revisi\asa_pembukuan_keuangan\vendor\codeigniter4\framework\system\Commands\Server\rewrite.php(47): require_once('C:\\Users\\ACER\\O...')
#10 {main}

Next CodeIgniter\Database\Exceptions\DatabaseException: Access denied for user '****'@'localhost' (using password: YES) in C:\Users\ACER\OneDrive\Documents\TA\TA2\revisi\asa_pembukuan_keuangan\vendor\codeigniter4\framework\system\Database\MySQLi\Connection.php:218
Stack trace:
#0 C:\Users\ACER\OneDrive\Documents\TA\TA2\revisi\asa_pembukuan_keuangan\vendor\codeigniter4\framework\system\Database\BaseConnection.php(391): CodeIgniter\Database\MySQLi\Connection->connect(false)
#1 C:\Users\ACER\OneDrive\Documents\TA\TA2\revisi\asa_pembukuan_keuangan\vendor\codeigniter4\framework\system\Database\BaseConnection.php(574): CodeIgniter\Database\BaseConnection->initialize()
#2 C:\Users\ACER\OneDrive\Documents\TA\TA2\revisi\asa_pembukuan_keuangan\vendor\codeigniter4\framework\system\Database\BaseBuilder.php(1616): CodeIgniter\Database\BaseConnection->query('SELECT *\nFROM `...', Array, false)
#3 C:\Users\ACER\OneDrive\Documents\TA\TA2\revisi\asa_pembukuan_keuangan\app\Controllers\Login.php(49): CodeIgniter\Database\BaseBuilder->get()
#4 C:\Users\ACER\OneDrive\Documents\TA\TA2\revisi\asa_pembukuan_keuangan\vendor\codeigniter4\framework\system\CodeIgniter.php(932): App\Controllers\Login->proses()
#5 C:\Users\ACER\OneDrive\Documents\TA\TA2\revisi\asa_pembukuan_keuangan\vendor\codeigniter4\framework\system\CodeIgniter.php(497): CodeIgniter\CodeIgniter->runController(Object(App\Controllers\Login))
#6 C:\Users\ACER\OneDrive\Documents\TA\TA2\revisi\asa_pembukuan_keuangan\vendor\codeigniter4\framework\system\CodeIgniter.php(366): CodeIgniter\CodeIgniter->handleRequest(NULL, Object(Config\Cache), false)
#7 C:\Users\ACER\OneDrive\Documents\TA\TA2\revisi\asa_pembukuan_keuangan\public\index.php(67): CodeIgniter\CodeIgniter->run()
#8 C:\Users\ACER\OneDrive\Documents\TA\TA2\revisi\asa_pembukuan_keuangan\vendor\codeigniter4\framework\system\Commands\Server\rewrite.php(47): require_once('C:\\Users\\ACER\\O...')
#9 {main}
CRITICAL - 2024-07-02 05:41:35 --> Unable to connect to the database.
Main connection [MySQLi]: Access denied for user '****'@'localhost' (using password: YES)
in SYSTEMPATH\Database\BaseConnection.php on line 427.
 1 SYSTEMPATH\Database\BaseConnection.php(574): CodeIgniter\Database\BaseConnection->initialize()
 2 SYSTEMPATH\Database\BaseBuilder.php(1616): CodeIgniter\Database\BaseConnection->query('SELECT *
FROM `tb_user`
WHERE `username` = :username:', [...], false)
 3 APPPATH\Controllers\Login.php(49): CodeIgniter\Database\BaseBuilder->get()
 4 SYSTEMPATH\CodeIgniter.php(932): App\Controllers\Login->proses()
 5 SYSTEMPATH\CodeIgniter.php(497): CodeIgniter\CodeIgniter->runController(Object(App\Controllers\Login))
 6 SYSTEMPATH\CodeIgniter.php(366): CodeIgniter\CodeIgniter->handleRequest(null, Object(Config\Cache), false)
 7 FCPATH\index.php(67): CodeIgniter\CodeIgniter->run()
 8 SYSTEMPATH\Commands\Server\rewrite.php(47): require_once('C:\\Users\\ACER\\OneDrive\\Documents\\TA\\TA2\\revisi\\asa_pembukuan_keuangan\\public\\index.php')
INFO - 2024-07-02 05:47:28 --> Session: Class initialized using 'CodeIgniter\Session\Handlers\FileHandler' driver.
INFO - 2024-07-02 05:47:40 --> Session: Class initialized using 'CodeIgniter\Session\Handlers\FileHandler' driver.
INFO - 2024-07-02 05:47:43 --> Session: Class initialized using 'CodeIgniter\Session\Handlers\FileHandler' driver.
INFO - 2024-07-02 05:48:12 --> Session: Class initialized using 'CodeIgniter\Session\Handlers\FileHandler' driver.
INFO - 2024-07-02 05:48:24 --> Session: Class initialized using 'CodeIgniter\Session\Handlers\FileHandler' driver.
INFO - 2024-07-02 05:49:34 --> Session: Class initialized using 'CodeIgniter\Session\Handlers\FileHandler' driver.
INFO - 2024-07-02 05:49:34 --> Session: Class initialized using 'CodeIgniter\Session\Handlers\FileHandler' driver.
INFO - 2024-07-02 05:49:38 --> Session: Class initialized using 'CodeIgniter\Session\Handlers\FileHandler' driver.
INFO - 2024-07-02 05:49:43 --> Session: Class initialized using 'CodeIgniter\Session\Handlers\FileHandler' driver.
INFO - 2024-07-02 05:49:49 --> Session: Class initialized using 'CodeIgniter\Session\Handlers\FileHandler' driver.
INFO - 2024-07-02 05:49:56 --> Session: Class initialized using 'CodeIgniter\Session\Handlers\FileHandler' driver.
INFO - 2024-07-02 05:49:59 --> Session: Class initialized using 'CodeIgniter\Session\Handlers\FileHandler' driver.
INFO - 2024-07-02 05:50:04 --> Session: Class initialized using 'CodeIgniter\Session\Handlers\FileHandler' driver.
INFO - 2024-07-02 05:50:06 --> Session: Class initialized using 'CodeIgniter\Session\Handlers\FileHandler' driver.
INFO - 2024-07-02 05:50:13 --> Session: Class initialized using 'CodeIgniter\Session\Handlers\FileHandler' driver.
INFO - 2024-07-02 05:50:15 --> Session: Class initialized using 'CodeIgniter\Session\Handlers\FileHandler' driver.
INFO - 2024-07-02 05:50:42 --> Session: Class initialized using 'CodeIgniter\Session\Handlers\FileHandler' driver.
INFO - 2024-07-02 05:50:47 --> Session: Class initialized using 'CodeIgniter\Session\Handlers\FileHandler' driver.
INFO - 2024-07-02 05:51:44 --> Session: Class initialized using 'CodeIgniter\Session\Handlers\FileHandler' driver.
