INFO - 2023-07-11 11:35:52 --> Session: Class initialized using 'CodeIgniter\Session\Handlers\FileHandler' driver.
INFO - 2023-07-11 11:35:56 --> Session: Class initialized using 'CodeIgniter\Session\Handlers\FileHandler' driver.
INFO - 2023-07-11 11:35:58 --> Session: Class initialized using 'CodeIgniter\Session\Handlers\FileHandler' driver.
INFO - 2023-07-11 11:36:11 --> Session: Class initialized using 'CodeIgniter\Session\Handlers\FileHandler' driver.
INFO - 2023-07-11 11:36:12 --> Session: Class initialized using 'CodeIgniter\Session\Handlers\FileHandler' driver.
INFO - 2023-07-11 11:36:22 --> Session: Class initialized using 'CodeIgniter\Session\Handlers\FileHandler' driver.
INFO - 2023-07-11 11:36:24 --> Session: Class initialized using 'CodeIgniter\Session\Handlers\FileHandler' driver.
INFO - 2023-07-11 11:36:25 --> Session: Class initialized using 'CodeIgniter\Session\Handlers\FileHandler' driver.
INFO - 2023-07-11 11:36:27 --> Session: Class initialized using 'CodeIgniter\Session\Handlers\FileHandler' driver.
INFO - 2023-07-11 11:36:28 --> Session: Class initialized using 'CodeIgniter\Session\Handlers\FileHandler' driver.
INFO - 2023-07-11 11:36:29 --> Session: Class initialized using 'CodeIgniter\Session\Handlers\FileHandler' driver.
INFO - 2023-07-11 11:49:38 --> Session: Class initialized using 'CodeIgniter\Session\Handlers\FileHandler' driver.
INFO - 2023-07-11 11:50:01 --> Session: Class initialized using 'CodeIgniter\Session\Handlers\FileHandler' driver.
INFO - 2023-07-11 11:50:01 --> Session: Class initialized using 'CodeIgniter\Session\Handlers\FileHandler' driver.
INFO - 2023-07-11 11:51:14 --> Session: Class initialized using 'CodeIgniter\Session\Handlers\FileHandler' driver.
INFO - 2023-07-11 11:51:54 --> Session: Class initialized using 'CodeIgniter\Session\Handlers\FileHandler' driver.
CRITICAL - 2023-07-11 11:51:54 --> Undefined property: stdClass::$foto
in APPPATH\Views\data\barang\index.php on line 34.
 1 APPPATH\Views\data\barang\index.php(34): CodeIgniter\Debug\Exceptions->errorHandler(2, 'Undefined property: stdClass::$foto', 'C:\\Users\\ahmad\\Downloads\\pembukuan_keuangan\\app\\Views\\data\\barang\\index.php', 34)
 2 SYSTEMPATH\View\View.php(224): include('C:\\Users\\ahmad\\Downloads\\pembukuan_keuangan\\app\\Views\\data\\barang\\index.php')
 3 SYSTEMPATH\View\View.php(227): CodeIgniter\View\View->CodeIgniter\View\{closure}()
 4 SYSTEMPATH\Common.php(1180): CodeIgniter\View\View->render('data/barang/index', [], true)
 5 APPPATH\Views\templates\content.php(5): view('data/barang/index')
 6 SYSTEMPATH\View\View.php(224): include('C:\\Users\\ahmad\\Downloads\\pembukuan_keuangan\\app\\Views\\templates\\content.php')
 7 SYSTEMPATH\View\View.php(227): CodeIgniter\View\View->CodeIgniter\View\{closure}()
 8 SYSTEMPATH\Common.php(1180): CodeIgniter\View\View->render('templates/content', [], true)
 9 APPPATH\Controllers\Data\Barang.php(71): view('templates/content', [...])
10 SYSTEMPATH\CodeIgniter.php(932): App\Controllers\Data\Barang->index()
11 SYSTEMPATH\CodeIgniter.php(497): CodeIgniter\CodeIgniter->runController(Object(App\Controllers\Data\Barang))
12 SYSTEMPATH\CodeIgniter.php(366): CodeIgniter\CodeIgniter->handleRequest(null, Object(Config\Cache), false)
13 FCPATH\index.php(67): CodeIgniter\CodeIgniter->run()
14 SYSTEMPATH\Commands\Server\rewrite.php(47): require_once('C:\\Users\\ahmad\\Downloads\\pembukuan_keuangan\\public\\index.php')
INFO - 2023-07-11 11:52:00 --> Session: Class initialized using 'CodeIgniter\Session\Handlers\FileHandler' driver.
CRITICAL - 2023-07-11 11:52:00 --> Undefined property: stdClass::$foto
in APPPATH\Views\data\barang\index.php on line 34.
 1 APPPATH\Views\data\barang\index.php(34): CodeIgniter\Debug\Exceptions->errorHandler(2, 'Undefined property: stdClass::$foto', 'C:\\Users\\ahmad\\Downloads\\pembukuan_keuangan\\app\\Views\\data\\barang\\index.php', 34)
 2 SYSTEMPATH\View\View.php(224): include('C:\\Users\\ahmad\\Downloads\\pembukuan_keuangan\\app\\Views\\data\\barang\\index.php')
 3 SYSTEMPATH\View\View.php(227): CodeIgniter\View\View->CodeIgniter\View\{closure}()
 4 SYSTEMPATH\Common.php(1180): CodeIgniter\View\View->render('data/barang/index', [], true)
 5 APPPATH\Views\templates\content.php(5): view('data/barang/index')
 6 SYSTEMPATH\View\View.php(224): include('C:\\Users\\ahmad\\Downloads\\pembukuan_keuangan\\app\\Views\\templates\\content.php')
 7 SYSTEMPATH\View\View.php(227): CodeIgniter\View\View->CodeIgniter\View\{closure}()
 8 SYSTEMPATH\Common.php(1180): CodeIgniter\View\View->render('templates/content', [], true)
 9 APPPATH\Controllers\Data\Barang.php(71): view('templates/content', [...])
10 SYSTEMPATH\CodeIgniter.php(932): App\Controllers\Data\Barang->index()
11 SYSTEMPATH\CodeIgniter.php(497): CodeIgniter\CodeIgniter->runController(Object(App\Controllers\Data\Barang))
12 SYSTEMPATH\CodeIgniter.php(366): CodeIgniter\CodeIgniter->handleRequest(null, Object(Config\Cache), false)
13 FCPATH\index.php(67): CodeIgniter\CodeIgniter->run()
14 SYSTEMPATH\Commands\Server\rewrite.php(47): require_once('C:\\Users\\ahmad\\Downloads\\pembukuan_keuangan\\public\\index.php')
INFO - 2023-07-11 11:52:01 --> Session: Class initialized using 'CodeIgniter\Session\Handlers\FileHandler' driver.
CRITICAL - 2023-07-11 11:52:01 --> Undefined property: stdClass::$foto
in APPPATH\Views\data\barang\index.php on line 34.
 1 APPPATH\Views\data\barang\index.php(34): CodeIgniter\Debug\Exceptions->errorHandler(2, 'Undefined property: stdClass::$foto', 'C:\\Users\\ahmad\\Downloads\\pembukuan_keuangan\\app\\Views\\data\\barang\\index.php', 34)
 2 SYSTEMPATH\View\View.php(224): include('C:\\Users\\ahmad\\Downloads\\pembukuan_keuangan\\app\\Views\\data\\barang\\index.php')
 3 SYSTEMPATH\View\View.php(227): CodeIgniter\View\View->CodeIgniter\View\{closure}()
 4 SYSTEMPATH\Common.php(1180): CodeIgniter\View\View->render('data/barang/index', [], true)
 5 APPPATH\Views\templates\content.php(5): view('data/barang/index')
 6 SYSTEMPATH\View\View.php(224): include('C:\\Users\\ahmad\\Downloads\\pembukuan_keuangan\\app\\Views\\templates\\content.php')
 7 SYSTEMPATH\View\View.php(227): CodeIgniter\View\View->CodeIgniter\View\{closure}()
 8 SYSTEMPATH\Common.php(1180): CodeIgniter\View\View->render('templates/content', [], true)
 9 APPPATH\Controllers\Data\Barang.php(71): view('templates/content', [...])
10 SYSTEMPATH\CodeIgniter.php(932): App\Controllers\Data\Barang->index()
11 SYSTEMPATH\CodeIgniter.php(497): CodeIgniter\CodeIgniter->runController(Object(App\Controllers\Data\Barang))
12 SYSTEMPATH\CodeIgniter.php(366): CodeIgniter\CodeIgniter->handleRequest(null, Object(Config\Cache), false)
13 FCPATH\index.php(67): CodeIgniter\CodeIgniter->run()
14 SYSTEMPATH\Commands\Server\rewrite.php(47): require_once('C:\\Users\\ahmad\\Downloads\\pembukuan_keuangan\\public\\index.php')
INFO - 2023-07-11 11:52:17 --> Session: Class initialized using 'CodeIgniter\Session\Handlers\FileHandler' driver.
CRITICAL - 2023-07-11 11:52:18 --> Undefined property: stdClass::$foto
in APPPATH\Views\data\barang\index.php on line 34.
 1 APPPATH\Views\data\barang\index.php(34): CodeIgniter\Debug\Exceptions->errorHandler(2, 'Undefined property: stdClass::$foto', 'C:\\Users\\ahmad\\Downloads\\pembukuan_keuangan\\app\\Views\\data\\barang\\index.php', 34)
 2 SYSTEMPATH\View\View.php(224): include('C:\\Users\\ahmad\\Downloads\\pembukuan_keuangan\\app\\Views\\data\\barang\\index.php')
 3 SYSTEMPATH\View\View.php(227): CodeIgniter\View\View->CodeIgniter\View\{closure}()
 4 SYSTEMPATH\Common.php(1180): CodeIgniter\View\View->render('data/barang/index', [], true)
 5 APPPATH\Views\templates\content.php(5): view('data/barang/index')
 6 SYSTEMPATH\View\View.php(224): include('C:\\Users\\ahmad\\Downloads\\pembukuan_keuangan\\app\\Views\\templates\\content.php')
 7 SYSTEMPATH\View\View.php(227): CodeIgniter\View\View->CodeIgniter\View\{closure}()
 8 SYSTEMPATH\Common.php(1180): CodeIgniter\View\View->render('templates/content', [], true)
 9 APPPATH\Controllers\Data\Barang.php(71): view('templates/content', [...])
10 SYSTEMPATH\CodeIgniter.php(932): App\Controllers\Data\Barang->index()
11 SYSTEMPATH\CodeIgniter.php(497): CodeIgniter\CodeIgniter->runController(Object(App\Controllers\Data\Barang))
12 SYSTEMPATH\CodeIgniter.php(366): CodeIgniter\CodeIgniter->handleRequest(null, Object(Config\Cache), false)
13 FCPATH\index.php(67): CodeIgniter\CodeIgniter->run()
14 SYSTEMPATH\Commands\Server\rewrite.php(47): require_once('C:\\Users\\ahmad\\Downloads\\pembukuan_keuangan\\public\\index.php')
INFO - 2023-07-11 11:52:19 --> Session: Class initialized using 'CodeIgniter\Session\Handlers\FileHandler' driver.
CRITICAL - 2023-07-11 11:52:19 --> Undefined property: stdClass::$foto
in APPPATH\Views\data\barang\index.php on line 34.
 1 APPPATH\Views\data\barang\index.php(34): CodeIgniter\Debug\Exceptions->errorHandler(2, 'Undefined property: stdClass::$foto', 'C:\\Users\\ahmad\\Downloads\\pembukuan_keuangan\\app\\Views\\data\\barang\\index.php', 34)
 2 SYSTEMPATH\View\View.php(224): include('C:\\Users\\ahmad\\Downloads\\pembukuan_keuangan\\app\\Views\\data\\barang\\index.php')
 3 SYSTEMPATH\View\View.php(227): CodeIgniter\View\View->CodeIgniter\View\{closure}()
 4 SYSTEMPATH\Common.php(1180): CodeIgniter\View\View->render('data/barang/index', [], true)
 5 APPPATH\Views\templates\content.php(5): view('data/barang/index')
 6 SYSTEMPATH\View\View.php(224): include('C:\\Users\\ahmad\\Downloads\\pembukuan_keuangan\\app\\Views\\templates\\content.php')
 7 SYSTEMPATH\View\View.php(227): CodeIgniter\View\View->CodeIgniter\View\{closure}()
 8 SYSTEMPATH\Common.php(1180): CodeIgniter\View\View->render('templates/content', [], true)
 9 APPPATH\Controllers\Data\Barang.php(71): view('templates/content', [...])
10 SYSTEMPATH\CodeIgniter.php(932): App\Controllers\Data\Barang->index()
11 SYSTEMPATH\CodeIgniter.php(497): CodeIgniter\CodeIgniter->runController(Object(App\Controllers\Data\Barang))
12 SYSTEMPATH\CodeIgniter.php(366): CodeIgniter\CodeIgniter->handleRequest(null, Object(Config\Cache), false)
13 FCPATH\index.php(67): CodeIgniter\CodeIgniter->run()
14 SYSTEMPATH\Commands\Server\rewrite.php(47): require_once('C:\\Users\\ahmad\\Downloads\\pembukuan_keuangan\\public\\index.php')
INFO - 2023-07-11 11:52:20 --> Session: Class initialized using 'CodeIgniter\Session\Handlers\FileHandler' driver.
CRITICAL - 2023-07-11 11:52:20 --> Undefined property: stdClass::$foto
in APPPATH\Views\data\barang\index.php on line 34.
 1 APPPATH\Views\data\barang\index.php(34): CodeIgniter\Debug\Exceptions->errorHandler(2, 'Undefined property: stdClass::$foto', 'C:\\Users\\ahmad\\Downloads\\pembukuan_keuangan\\app\\Views\\data\\barang\\index.php', 34)
 2 SYSTEMPATH\View\View.php(224): include('C:\\Users\\ahmad\\Downloads\\pembukuan_keuangan\\app\\Views\\data\\barang\\index.php')
 3 SYSTEMPATH\View\View.php(227): CodeIgniter\View\View->CodeIgniter\View\{closure}()
 4 SYSTEMPATH\Common.php(1180): CodeIgniter\View\View->render('data/barang/index', [], true)
 5 APPPATH\Views\templates\content.php(5): view('data/barang/index')
 6 SYSTEMPATH\View\View.php(224): include('C:\\Users\\ahmad\\Downloads\\pembukuan_keuangan\\app\\Views\\templates\\content.php')
 7 SYSTEMPATH\View\View.php(227): CodeIgniter\View\View->CodeIgniter\View\{closure}()
 8 SYSTEMPATH\Common.php(1180): CodeIgniter\View\View->render('templates/content', [], true)
 9 APPPATH\Controllers\Data\Barang.php(71): view('templates/content', [...])
10 SYSTEMPATH\CodeIgniter.php(932): App\Controllers\Data\Barang->index()
11 SYSTEMPATH\CodeIgniter.php(497): CodeIgniter\CodeIgniter->runController(Object(App\Controllers\Data\Barang))
12 SYSTEMPATH\CodeIgniter.php(366): CodeIgniter\CodeIgniter->handleRequest(null, Object(Config\Cache), false)
13 FCPATH\index.php(67): CodeIgniter\CodeIgniter->run()
14 SYSTEMPATH\Commands\Server\rewrite.php(47): require_once('C:\\Users\\ahmad\\Downloads\\pembukuan_keuangan\\public\\index.php')
INFO - 2023-07-11 11:52:29 --> Session: Class initialized using 'CodeIgniter\Session\Handlers\FileHandler' driver.
INFO - 2023-07-11 11:52:41 --> Session: Class initialized using 'CodeIgniter\Session\Handlers\FileHandler' driver.
CRITICAL - 2023-07-11 11:52:41 --> Undefined property: stdClass::$foto
in APPPATH\Views\data\barang\index.php on line 34.
 1 APPPATH\Views\data\barang\index.php(34): CodeIgniter\Debug\Exceptions->errorHandler(2, 'Undefined property: stdClass::$foto', 'C:\\Users\\ahmad\\Downloads\\pembukuan_keuangan\\app\\Views\\data\\barang\\index.php', 34)
 2 SYSTEMPATH\View\View.php(224): include('C:\\Users\\ahmad\\Downloads\\pembukuan_keuangan\\app\\Views\\data\\barang\\index.php')
 3 SYSTEMPATH\View\View.php(227): CodeIgniter\View\View->CodeIgniter\View\{closure}()
 4 SYSTEMPATH\Common.php(1180): CodeIgniter\View\View->render('data/barang/index', [], true)
 5 APPPATH\Views\templates\content.php(5): view('data/barang/index')
 6 SYSTEMPATH\View\View.php(224): include('C:\\Users\\ahmad\\Downloads\\pembukuan_keuangan\\app\\Views\\templates\\content.php')
 7 SYSTEMPATH\View\View.php(227): CodeIgniter\View\View->CodeIgniter\View\{closure}()
 8 SYSTEMPATH\Common.php(1180): CodeIgniter\View\View->render('templates/content', [], true)
 9 APPPATH\Controllers\Data\Barang.php(71): view('templates/content', [...])
10 SYSTEMPATH\CodeIgniter.php(932): App\Controllers\Data\Barang->index()
11 SYSTEMPATH\CodeIgniter.php(497): CodeIgniter\CodeIgniter->runController(Object(App\Controllers\Data\Barang))
12 SYSTEMPATH\CodeIgniter.php(366): CodeIgniter\CodeIgniter->handleRequest(null, Object(Config\Cache), false)
13 FCPATH\index.php(67): CodeIgniter\CodeIgniter->run()
14 SYSTEMPATH\Commands\Server\rewrite.php(47): require_once('C:\\Users\\ahmad\\Downloads\\pembukuan_keuangan\\public\\index.php')
INFO - 2023-07-11 11:54:11 --> Session: Class initialized using 'CodeIgniter\Session\Handlers\FileHandler' driver.
CRITICAL - 2023-07-11 11:54:11 --> Undefined property: stdClass::$foto
in APPPATH\Views\data\barang\index.php on line 34.
 1 APPPATH\Views\data\barang\index.php(34): CodeIgniter\Debug\Exceptions->errorHandler(2, 'Undefined property: stdClass::$foto', 'C:\\Users\\ahmad\\Downloads\\pembukuan_keuangan\\app\\Views\\data\\barang\\index.php', 34)
 2 SYSTEMPATH\View\View.php(224): include('C:\\Users\\ahmad\\Downloads\\pembukuan_keuangan\\app\\Views\\data\\barang\\index.php')
 3 SYSTEMPATH\View\View.php(227): CodeIgniter\View\View->CodeIgniter\View\{closure}()
 4 SYSTEMPATH\Common.php(1180): CodeIgniter\View\View->render('data/barang/index', [], true)
 5 APPPATH\Views\templates\content.php(5): view('data/barang/index')
 6 SYSTEMPATH\View\View.php(224): include('C:\\Users\\ahmad\\Downloads\\pembukuan_keuangan\\app\\Views\\templates\\content.php')
 7 SYSTEMPATH\View\View.php(227): CodeIgniter\View\View->CodeIgniter\View\{closure}()
 8 SYSTEMPATH\Common.php(1180): CodeIgniter\View\View->render('templates/content', [], true)
 9 APPPATH\Controllers\Data\Barang.php(71): view('templates/content', [...])
10 SYSTEMPATH\CodeIgniter.php(932): App\Controllers\Data\Barang->index()
11 SYSTEMPATH\CodeIgniter.php(497): CodeIgniter\CodeIgniter->runController(Object(App\Controllers\Data\Barang))
12 SYSTEMPATH\CodeIgniter.php(366): CodeIgniter\CodeIgniter->handleRequest(null, Object(Config\Cache), false)
13 FCPATH\index.php(67): CodeIgniter\CodeIgniter->run()
14 SYSTEMPATH\Commands\Server\rewrite.php(47): require_once('C:\\Users\\ahmad\\Downloads\\pembukuan_keuangan\\public\\index.php')
INFO - 2023-07-11 11:54:23 --> Session: Class initialized using 'CodeIgniter\Session\Handlers\FileHandler' driver.
CRITICAL - 2023-07-11 11:54:23 --> Undefined property: stdClass::$foto
in APPPATH\Views\data\barang\index.php on line 34.
 1 APPPATH\Views\data\barang\index.php(34): CodeIgniter\Debug\Exceptions->errorHandler(2, 'Undefined property: stdClass::$foto', 'C:\\Users\\ahmad\\Downloads\\pembukuan_keuangan\\app\\Views\\data\\barang\\index.php', 34)
 2 SYSTEMPATH\View\View.php(224): include('C:\\Users\\ahmad\\Downloads\\pembukuan_keuangan\\app\\Views\\data\\barang\\index.php')
 3 SYSTEMPATH\View\View.php(227): CodeIgniter\View\View->CodeIgniter\View\{closure}()
 4 SYSTEMPATH\Common.php(1180): CodeIgniter\View\View->render('data/barang/index', [], true)
 5 APPPATH\Views\templates\content.php(5): view('data/barang/index')
 6 SYSTEMPATH\View\View.php(224): include('C:\\Users\\ahmad\\Downloads\\pembukuan_keuangan\\app\\Views\\templates\\content.php')
 7 SYSTEMPATH\View\View.php(227): CodeIgniter\View\View->CodeIgniter\View\{closure}()
 8 SYSTEMPATH\Common.php(1180): CodeIgniter\View\View->render('templates/content', [], true)
 9 APPPATH\Controllers\Data\Barang.php(71): view('templates/content', [...])
10 SYSTEMPATH\CodeIgniter.php(932): App\Controllers\Data\Barang->index()
11 SYSTEMPATH\CodeIgniter.php(497): CodeIgniter\CodeIgniter->runController(Object(App\Controllers\Data\Barang))
12 SYSTEMPATH\CodeIgniter.php(366): CodeIgniter\CodeIgniter->handleRequest(null, Object(Config\Cache), false)
13 FCPATH\index.php(67): CodeIgniter\CodeIgniter->run()
14 SYSTEMPATH\Commands\Server\rewrite.php(47): require_once('C:\\Users\\ahmad\\Downloads\\pembukuan_keuangan\\public\\index.php')
INFO - 2023-07-11 11:54:41 --> Session: Class initialized using 'CodeIgniter\Session\Handlers\FileHandler' driver.
CRITICAL - 2023-07-11 11:54:41 --> Undefined property: stdClass::$foto
in APPPATH\Views\data\barang\index.php on line 34.
 1 APPPATH\Views\data\barang\index.php(34): CodeIgniter\Debug\Exceptions->errorHandler(2, 'Undefined property: stdClass::$foto', 'C:\\Users\\ahmad\\Downloads\\pembukuan_keuangan\\app\\Views\\data\\barang\\index.php', 34)
 2 SYSTEMPATH\View\View.php(224): include('C:\\Users\\ahmad\\Downloads\\pembukuan_keuangan\\app\\Views\\data\\barang\\index.php')
 3 SYSTEMPATH\View\View.php(227): CodeIgniter\View\View->CodeIgniter\View\{closure}()
 4 SYSTEMPATH\Common.php(1180): CodeIgniter\View\View->render('data/barang/index', [], true)
 5 APPPATH\Views\templates\content.php(5): view('data/barang/index')
 6 SYSTEMPATH\View\View.php(224): include('C:\\Users\\ahmad\\Downloads\\pembukuan_keuangan\\app\\Views\\templates\\content.php')
 7 SYSTEMPATH\View\View.php(227): CodeIgniter\View\View->CodeIgniter\View\{closure}()
 8 SYSTEMPATH\Common.php(1180): CodeIgniter\View\View->render('templates/content', [], true)
 9 APPPATH\Controllers\Data\Barang.php(71): view('templates/content', [...])
10 SYSTEMPATH\CodeIgniter.php(932): App\Controllers\Data\Barang->index()
11 SYSTEMPATH\CodeIgniter.php(497): CodeIgniter\CodeIgniter->runController(Object(App\Controllers\Data\Barang))
12 SYSTEMPATH\CodeIgniter.php(366): CodeIgniter\CodeIgniter->handleRequest(null, Object(Config\Cache), false)
13 FCPATH\index.php(67): CodeIgniter\CodeIgniter->run()
14 SYSTEMPATH\Commands\Server\rewrite.php(47): require_once('C:\\Users\\ahmad\\Downloads\\pembukuan_keuangan\\public\\index.php')
INFO - 2023-07-11 11:54:42 --> Session: Class initialized using 'CodeIgniter\Session\Handlers\FileHandler' driver.
CRITICAL - 2023-07-11 11:54:42 --> Undefined property: stdClass::$foto
in APPPATH\Views\data\barang\index.php on line 34.
 1 APPPATH\Views\data\barang\index.php(34): CodeIgniter\Debug\Exceptions->errorHandler(2, 'Undefined property: stdClass::$foto', 'C:\\Users\\ahmad\\Downloads\\pembukuan_keuangan\\app\\Views\\data\\barang\\index.php', 34)
 2 SYSTEMPATH\View\View.php(224): include('C:\\Users\\ahmad\\Downloads\\pembukuan_keuangan\\app\\Views\\data\\barang\\index.php')
 3 SYSTEMPATH\View\View.php(227): CodeIgniter\View\View->CodeIgniter\View\{closure}()
 4 SYSTEMPATH\Common.php(1180): CodeIgniter\View\View->render('data/barang/index', [], true)
 5 APPPATH\Views\templates\content.php(5): view('data/barang/index')
 6 SYSTEMPATH\View\View.php(224): include('C:\\Users\\ahmad\\Downloads\\pembukuan_keuangan\\app\\Views\\templates\\content.php')
 7 SYSTEMPATH\View\View.php(227): CodeIgniter\View\View->CodeIgniter\View\{closure}()
 8 SYSTEMPATH\Common.php(1180): CodeIgniter\View\View->render('templates/content', [], true)
 9 APPPATH\Controllers\Data\Barang.php(71): view('templates/content', [...])
10 SYSTEMPATH\CodeIgniter.php(932): App\Controllers\Data\Barang->index()
11 SYSTEMPATH\CodeIgniter.php(497): CodeIgniter\CodeIgniter->runController(Object(App\Controllers\Data\Barang))
12 SYSTEMPATH\CodeIgniter.php(366): CodeIgniter\CodeIgniter->handleRequest(null, Object(Config\Cache), false)
13 FCPATH\index.php(67): CodeIgniter\CodeIgniter->run()
14 SYSTEMPATH\Commands\Server\rewrite.php(47): require_once('C:\\Users\\ahmad\\Downloads\\pembukuan_keuangan\\public\\index.php')
INFO - 2023-07-11 11:54:49 --> Session: Class initialized using 'CodeIgniter\Session\Handlers\FileHandler' driver.
CRITICAL - 2023-07-11 11:54:50 --> Undefined property: stdClass::$foto
in APPPATH\Views\data\barang\index.php on line 34.
 1 APPPATH\Views\data\barang\index.php(34): CodeIgniter\Debug\Exceptions->errorHandler(2, 'Undefined property: stdClass::$foto', 'C:\\Users\\ahmad\\Downloads\\pembukuan_keuangan\\app\\Views\\data\\barang\\index.php', 34)
 2 SYSTEMPATH\View\View.php(224): include('C:\\Users\\ahmad\\Downloads\\pembukuan_keuangan\\app\\Views\\data\\barang\\index.php')
 3 SYSTEMPATH\View\View.php(227): CodeIgniter\View\View->CodeIgniter\View\{closure}()
 4 SYSTEMPATH\Common.php(1180): CodeIgniter\View\View->render('data/barang/index', [], true)
 5 APPPATH\Views\templates\content.php(5): view('data/barang/index')
 6 SYSTEMPATH\View\View.php(224): include('C:\\Users\\ahmad\\Downloads\\pembukuan_keuangan\\app\\Views\\templates\\content.php')
 7 SYSTEMPATH\View\View.php(227): CodeIgniter\View\View->CodeIgniter\View\{closure}()
 8 SYSTEMPATH\Common.php(1180): CodeIgniter\View\View->render('templates/content', [], true)
 9 APPPATH\Controllers\Data\Barang.php(71): view('templates/content', [...])
10 SYSTEMPATH\CodeIgniter.php(932): App\Controllers\Data\Barang->index()
11 SYSTEMPATH\CodeIgniter.php(497): CodeIgniter\CodeIgniter->runController(Object(App\Controllers\Data\Barang))
12 SYSTEMPATH\CodeIgniter.php(366): CodeIgniter\CodeIgniter->handleRequest(null, Object(Config\Cache), false)
13 FCPATH\index.php(67): CodeIgniter\CodeIgniter->run()
14 SYSTEMPATH\Commands\Server\rewrite.php(47): require_once('C:\\Users\\ahmad\\Downloads\\pembukuan_keuangan\\public\\index.php')
INFO - 2023-07-11 11:54:54 --> Session: Class initialized using 'CodeIgniter\Session\Handlers\FileHandler' driver.
INFO - 2023-07-11 11:58:21 --> Session: Class initialized using 'CodeIgniter\Session\Handlers\FileHandler' driver.
INFO - 2023-07-11 11:58:48 --> Session: Class initialized using 'CodeIgniter\Session\Handlers\FileHandler' driver.
INFO - 2023-07-11 11:59:16 --> Session: Class initialized using 'CodeIgniter\Session\Handlers\FileHandler' driver.
INFO - 2023-07-11 11:59:18 --> Session: Class initialized using 'CodeIgniter\Session\Handlers\FileHandler' driver.
INFO - 2023-07-11 12:00:16 --> Session: Class initialized using 'CodeIgniter\Session\Handlers\FileHandler' driver.
INFO - 2023-07-11 12:00:29 --> Session: Class initialized using 'CodeIgniter\Session\Handlers\FileHandler' driver.
INFO - 2023-07-11 12:00:45 --> Session: Class initialized using 'CodeIgniter\Session\Handlers\FileHandler' driver.
INFO - 2023-07-11 12:03:12 --> Session: Class initialized using 'CodeIgniter\Session\Handlers\FileHandler' driver.
INFO - 2023-07-11 12:03:30 --> Session: Class initialized using 'CodeIgniter\Session\Handlers\FileHandler' driver.
INFO - 2023-07-11 12:03:40 --> Session: Class initialized using 'CodeIgniter\Session\Handlers\FileHandler' driver.
INFO - 2023-07-11 12:03:42 --> Session: Class initialized using 'CodeIgniter\Session\Handlers\FileHandler' driver.
INFO - 2023-07-11 12:04:45 --> Session: Class initialized using 'CodeIgniter\Session\Handlers\FileHandler' driver.
INFO - 2023-07-11 12:04:55 --> Session: Class initialized using 'CodeIgniter\Session\Handlers\FileHandler' driver.
INFO - 2023-07-11 12:04:57 --> Session: Class initialized using 'CodeIgniter\Session\Handlers\FileHandler' driver.
INFO - 2023-07-11 12:05:51 --> Session: Class initialized using 'CodeIgniter\Session\Handlers\FileHandler' driver.
INFO - 2023-07-11 12:05:52 --> Session: Class initialized using 'CodeIgniter\Session\Handlers\FileHandler' driver.
INFO - 2023-07-11 12:05:55 --> Session: Class initialized using 'CodeIgniter\Session\Handlers\FileHandler' driver.
INFO - 2023-07-11 12:05:55 --> Session: Class initialized using 'CodeIgniter\Session\Handlers\FileHandler' driver.
INFO - 2023-07-11 12:05:57 --> Session: Class initialized using 'CodeIgniter\Session\Handlers\FileHandler' driver.
INFO - 2023-07-11 12:06:01 --> Session: Class initialized using 'CodeIgniter\Session\Handlers\FileHandler' driver.
INFO - 2023-07-11 12:06:01 --> Session: Class initialized using 'CodeIgniter\Session\Handlers\FileHandler' driver.
INFO - 2023-07-11 12:06:04 --> Session: Class initialized using 'CodeIgniter\Session\Handlers\FileHandler' driver.
INFO - 2023-07-11 12:06:07 --> Session: Class initialized using 'CodeIgniter\Session\Handlers\FileHandler' driver.
INFO - 2023-07-11 12:06:07 --> Session: Class initialized using 'CodeIgniter\Session\Handlers\FileHandler' driver.
INFO - 2023-07-11 12:06:13 --> Session: Class initialized using 'CodeIgniter\Session\Handlers\FileHandler' driver.
INFO - 2023-07-11 12:06:21 --> Session: Class initialized using 'CodeIgniter\Session\Handlers\FileHandler' driver.
INFO - 2023-07-11 12:06:21 --> Session: Class initialized using 'CodeIgniter\Session\Handlers\FileHandler' driver.
INFO - 2023-07-11 12:06:33 --> Session: Class initialized using 'CodeIgniter\Session\Handlers\FileHandler' driver.
INFO - 2023-07-11 12:06:37 --> Session: Class initialized using 'CodeIgniter\Session\Handlers\FileHandler' driver.
INFO - 2023-07-11 12:06:38 --> Session: Class initialized using 'CodeIgniter\Session\Handlers\FileHandler' driver.
INFO - 2023-07-11 12:06:44 --> Session: Class initialized using 'CodeIgniter\Session\Handlers\FileHandler' driver.
INFO - 2023-07-11 12:06:45 --> Session: Class initialized using 'CodeIgniter\Session\Handlers\FileHandler' driver.
INFO - 2023-07-11 12:06:48 --> Session: Class initialized using 'CodeIgniter\Session\Handlers\FileHandler' driver.
INFO - 2023-07-11 12:06:56 --> Session: Class initialized using 'CodeIgniter\Session\Handlers\FileHandler' driver.
WARNING - 2023-07-11 12:06:56 --> [DEPRECATED] number_format(): Passing null to parameter #1 ($num) of type float is deprecated in APPPATH\Views\transaksi\penjualan\index.php on line 72.
 1 APPPATH\Views\transaksi\penjualan\index.php(72): number_format(null, 0, ',', '.')
 2 SYSTEMPATH\View\View.php(224): include('C:\\Users\\ahmad\\Downloads\\pembukuan_keuangan\\app\\Views\\transaksi\\penjualan\\index.php')
 3 SYSTEMPATH\View\View.php(227): CodeIgniter\View\View->CodeIgniter\View\{closure}()
 4 SYSTEMPATH\Common.php(1180): CodeIgniter\View\View->render('transaksi/penjualan/index', [], true)
 5 APPPATH\Views\templates\content.php(5): view('transaksi/penjualan/index')
 6 SYSTEMPATH\View\View.php(224): include('C:\\Users\\ahmad\\Downloads\\pembukuan_keuangan\\app\\Views\\templates\\content.php')
 7 SYSTEMPATH\View\View.php(227): CodeIgniter\View\View->CodeIgniter\View\{closure}()
 8 SYSTEMPATH\Common.php(1180): CodeIgniter\View\View->render('templates/content', [], true)
 9 APPPATH\Controllers\Transaksi\Penjualan.php(60): view('templates/content', [...])
10 SYSTEMPATH\CodeIgniter.php(932): App\Controllers\Transaksi\Penjualan->index()
11 SYSTEMPATH\CodeIgniter.php(497): CodeIgniter\CodeIgniter->runController(Object(App\Controllers\Transaksi\Penjualan))
12 SYSTEMPATH\CodeIgniter.php(366): CodeIgniter\CodeIgniter->handleRequest(null, Object(Config\Cache), false)
13 FCPATH\index.php(67): CodeIgniter\CodeIgniter->run()
14 SYSTEMPATH\Commands\Server\rewrite.php(47): require_once('C:\\Users\\ahmad\\Downloads\\pembukuan_keuangan\\public\\index.php')
INFO - 2023-07-11 12:07:05 --> Session: Class initialized using 'CodeIgniter\Session\Handlers\FileHandler' driver.
INFO - 2023-07-11 12:07:06 --> Session: Class initialized using 'CodeIgniter\Session\Handlers\FileHandler' driver.
INFO - 2023-07-11 12:07:07 --> Session: Class initialized using 'CodeIgniter\Session\Handlers\FileHandler' driver.
INFO - 2023-07-11 12:07:10 --> Session: Class initialized using 'CodeIgniter\Session\Handlers\FileHandler' driver.
CRITICAL - 2023-07-11 12:07:10 --> Attempt to read property "nama_barang" on null
in APPPATH\Controllers\Transaksi\Penjualan.php on line 100.
 1 APPPATH\Controllers\Transaksi\Penjualan.php(100): CodeIgniter\Debug\Exceptions->errorHandler(2, 'Attempt to read property "nama_barang" on null', 'C:\\Users\\ahmad\\Downloads\\pembukuan_keuangan\\app\\Controllers\\Transaksi\\Penjualan.php', 100)
 2 SYSTEMPATH\CodeIgniter.php(932): App\Controllers\Transaksi\Penjualan->simpan()
 3 SYSTEMPATH\CodeIgniter.php(497): CodeIgniter\CodeIgniter->runController(Object(App\Controllers\Transaksi\Penjualan))
 4 SYSTEMPATH\CodeIgniter.php(366): CodeIgniter\CodeIgniter->handleRequest(null, Object(Config\Cache), false)
 5 FCPATH\index.php(67): CodeIgniter\CodeIgniter->run()
 6 SYSTEMPATH\Commands\Server\rewrite.php(47): require_once('C:\\Users\\ahmad\\Downloads\\pembukuan_keuangan\\public\\index.php')
INFO - 2023-07-11 12:07:13 --> Session: Class initialized using 'CodeIgniter\Session\Handlers\FileHandler' driver.
INFO - 2023-07-11 12:07:17 --> Session: Class initialized using 'CodeIgniter\Session\Handlers\FileHandler' driver.
INFO - 2023-07-11 12:07:18 --> Session: Class initialized using 'CodeIgniter\Session\Handlers\FileHandler' driver.
INFO - 2023-07-11 12:07:18 --> Session: Class initialized using 'CodeIgniter\Session\Handlers\FileHandler' driver.
INFO - 2023-07-11 12:07:20 --> Session: Class initialized using 'CodeIgniter\Session\Handlers\FileHandler' driver.
INFO - 2023-07-11 12:07:22 --> Session: Class initialized using 'CodeIgniter\Session\Handlers\FileHandler' driver.
INFO - 2023-07-11 12:07:23 --> Session: Class initialized using 'CodeIgniter\Session\Handlers\FileHandler' driver.
INFO - 2023-07-11 12:07:25 --> Session: Class initialized using 'CodeIgniter\Session\Handlers\FileHandler' driver.
INFO - 2023-07-11 12:07:26 --> Session: Class initialized using 'CodeIgniter\Session\Handlers\FileHandler' driver.
INFO - 2023-07-11 12:07:35 --> Session: Class initialized using 'CodeIgniter\Session\Handlers\FileHandler' driver.
INFO - 2023-07-11 12:07:41 --> Session: Class initialized using 'CodeIgniter\Session\Handlers\FileHandler' driver.
INFO - 2023-07-11 12:08:40 --> Session: Class initialized using 'CodeIgniter\Session\Handlers\FileHandler' driver.
INFO - 2023-07-11 12:08:45 --> Session: Class initialized using 'CodeIgniter\Session\Handlers\FileHandler' driver.
INFO - 2023-07-11 12:08:45 --> Session: Class initialized using 'CodeIgniter\Session\Handlers\FileHandler' driver.
INFO - 2023-07-11 12:09:11 --> Session: Class initialized using 'CodeIgniter\Session\Handlers\FileHandler' driver.
INFO - 2023-07-11 12:09:14 --> Session: Class initialized using 'CodeIgniter\Session\Handlers\FileHandler' driver.
INFO - 2023-07-11 12:09:20 --> Session: Class initialized using 'CodeIgniter\Session\Handlers\FileHandler' driver.
INFO - 2023-07-11 12:09:23 --> Session: Class initialized using 'CodeIgniter\Session\Handlers\FileHandler' driver.
INFO - 2023-07-11 12:09:25 --> Session: Class initialized using 'CodeIgniter\Session\Handlers\FileHandler' driver.
INFO - 2023-07-11 12:09:33 --> Session: Class initialized using 'CodeIgniter\Session\Handlers\FileHandler' driver.
INFO - 2023-07-11 12:11:57 --> Session: Class initialized using 'CodeIgniter\Session\Handlers\FileHandler' driver.
